SF:lib\data\models\hello\report_news.dart
DA:6,1
LF:1
LH:1
end_of_record
SF:lib\data\models\dynamic_message.dart
DA:11,2
DA:17,2
DA:22,2
DA:26,2
DA:31,2
DA:36,2
DA:41,2
DA:45,2
DA:50,2
DA:54,2
DA:58,2
DA:63,2
DA:68,2
DA:73,2
DA:78,2
DA:82,2
DA:87,2
DA:89,2
DA:90,2
DA:93,16
DA:94,4
DA:101,2
DA:108,2
DA:112,1
DA:113,1
DA:114,2
DA:115,3
DA:118,1
DA:120,2
DA:121,2
DA:122,2
DA:123,2
DA:124,2
DA:125,2
DA:126,2
DA:127,1
DA:132,4
DA:133,1
DA:136,3
DA:137,2
DA:138,2
DA:139,1
DA:140,1
DA:141,1
DA:142,3
DA:143,1
DA:145,2
DA:146,2
DA:147,3
DA:148,2
DA:149,1
DA:150,1
DA:151,1
DA:152,4
DA:153,1
DA:156,4
DA:157,1
DA:158,1
DA:159,1
DA:162,2
DA:163,1
DA:164,1
DA:165,1
DA:166,2
DA:167,1
DA:168,1
DA:169,1
DA:170,1
DA:171,1
DA:172,2
DA:173,3
DA:174,1
DA:175,1
DA:176,1
DA:177,1
DA:178,1
DA:179,1
DA:180,1
DA:181,1
DA:182,3
DA:183,2
DA:184,1
DA:185,1
DA:186,1
DA:187,2
LF:85
LH:85
end_of_record
SF:lib\l10n\app_localizations.dart
DA:65,180
DA:69,40
DA:70,40
DA:2089,1
DA:2091,60
DA:2093,120
DA:2096,44
DA:2097,132
DA:2099,2
DA:2103,60
DA:2105,60
DA:2106,60
DA:2107,60
DA:2108,1
DA:2109,1
DA:2112,0
LF:16
LH:15
end_of_record
SF:lib\domain\models\signets-api\session.dart
DA:15,5
DA:61,2
DA:63,4
DA:65,4
LF:4
LH:4
end_of_record
SF:lib\domain\models\signets-api\session.g.dart
DA:9,2
DA:10,1
DA:11,1
DA:12,2
DA:13,2
DA:14,2
DA:15,2
DA:16,2
DA:17,2
DA:18,2
DA:19,1
DA:20,1
DA:22,1
DA:23,1
DA:25,1
DA:26,1
DA:28,2
DA:31,2
DA:32,1
DA:33,1
DA:34,2
DA:35,2
DA:36,2
DA:37,2
DA:38,2
DA:39,2
DA:40,2
DA:41,1
DA:42,1
DA:43,1
DA:44,1
DA:45,1
DA:46,1
DA:47,2
LF:34
LH:34
end_of_record
SF:lib\utils\date_utils.dart
DA:5,3
DA:6,15
DA:9,3
DA:10,9
DA:13,45
DA:15,4
DA:16,4
DA:17,16
DA:20,35
DA:22,1
DA:23,8
DA:24,1
DA:27,3
DA:28,9
DA:29,15
DA:33,3
DA:34,3
DA:35,3
DA:37,5
DA:39,15
LF:20
LH:20
end_of_record
SF:lib\data\models\broadcast_message.dart
DA:14,0
LF:1
LH:0
end_of_record
SF:lib\data\models\dynamic_message_context.dart
DA:25,1
DA:26,4
DA:28,1
DA:29,4
DA:31,2
DA:44,2
DA:51,2
DA:52,2
DA:53,2
DA:54,2
DA:56,2
DA:62,2
DA:63,1
DA:64,4
DA:65,2
DA:66,2
DA:68,2
DA:72,3
DA:74,3
DA:76,3
DA:78,3
DA:80,3
DA:82,2
DA:84,5
DA:86,1
DA:87,4
DA:89,3
DA:91,3
DA:93,3
DA:95,3
DA:97,3
DA:99,3
DA:101,3
LF:33
LH:33
end_of_record
SF:lib\data\services\signets-api\models\course_activity.dart
DA:37,7
DA:48,2
DA:49,2
DA:50,2
DA:51,2
DA:52,2
DA:53,3
DA:54,3
DA:55,3
DA:59,2
DA:60,1
DA:61,1
DA:62,1
DA:63,1
DA:64,3
DA:65,2
DA:66,2
DA:69,2
DA:70,1
DA:71,1
DA:72,1
DA:73,1
DA:74,2
DA:75,2
DA:76,2
DA:79,1
DA:80,1
DA:81,1
DA:82,1
DA:83,1
DA:84,1
DA:85,1
DA:86,1
DA:91,3
DA:94,2
DA:95,6
DA:96,6
DA:97,6
DA:98,6
DA:99,6
DA:100,6
DA:101,6
DA:102,6
DA:104,0
DA:106,0
DA:107,0
DA:108,0
DA:109,0
DA:110,0
DA:111,0
DA:112,0
LF:51
LH:43
end_of_record
SF:lib\data\services\signets-api\models\replaced_day.dart
DA:15,3
DA:18,0
DA:19,0
DA:20,0
DA:21,0
DA:25,2
DA:26,2
DA:27,2
DA:28,1
DA:31,2
DA:32,2
DA:33,2
DA:34,1
DA:37,0
DA:39,0
DA:40,0
DA:41,0
DA:42,0
DA:45,2
DA:48,1
DA:49,3
DA:50,3
DA:51,3
DA:52,3
DA:54,0
DA:55,0
LF:26
LH:15
end_of_record
SF:lib\data\services\signets-api\models\session.dart
DA:47,5
DA:64,2
DA:65,2
DA:66,2
DA:67,3
DA:68,3
DA:69,3
DA:70,3
DA:71,3
DA:72,3
DA:73,3
DA:74,1
DA:75,2
DA:77,1
DA:78,2
DA:80,1
DA:81,2
DA:83,3
DA:87,2
DA:88,1
DA:89,1
DA:90,2
DA:91,2
DA:92,2
DA:93,2
DA:94,2
DA:95,2
DA:96,2
DA:97,1
DA:98,1
DA:100,1
DA:101,1
DA:103,1
DA:104,1
DA:106,2
DA:109,2
DA:110,1
DA:111,1
DA:112,2
DA:113,2
DA:114,2
DA:115,2
DA:116,2
DA:117,2
DA:118,2
DA:119,2
DA:120,2
DA:121,2
DA:122,2
DA:125,2
DA:128,2
DA:129,6
DA:130,6
DA:131,6
DA:132,6
DA:133,6
DA:134,6
DA:135,6
DA:136,6
DA:137,6
DA:138,6
DA:139,6
DA:140,6
DA:141,6
DA:142,6
DA:144,0
DA:146,0
DA:147,0
DA:148,0
DA:149,0
DA:150,0
DA:151,0
DA:152,0
DA:153,0
DA:154,0
DA:155,0
DA:156,0
DA:157,0
DA:158,0
DA:160,0
DA:162,0
DA:163,0
DA:164,0
DA:165,0
DA:166,0
DA:167,0
DA:168,0
DA:169,0
DA:170,0
DA:171,0
DA:172,0
DA:173,0
DA:174,0
LF:93
LH:65
end_of_record
SF:lib\utils\replaced_day_analyzer.dart
DA:10,2
DA:12,2
DA:13,4
DA:15,4
DA:16,2
DA:18,6
DA:19,4
DA:20,4
DA:21,2
DA:23,2
DA:25,14
DA:27,2
DA:30,2
DA:31,6
LF:14
LH:14
end_of_record
SF:lib\utils\schedule_analyzer.dart
DA:13,3
DA:15,6
DA:16,10
DA:17,6
DA:18,4
DA:19,4
DA:20,4
DA:23,3
DA:24,3
DA:25,13
DA:26,3
DA:29,3
DA:30,18
DA:33,3
DA:34,6
DA:35,3
DA:36,3
DA:39,2
DA:40,6
DA:41,2
DA:42,2
DA:45,2
DA:46,6
DA:48,2
DA:49,2
DA:50,2
DA:51,2
DA:53,8
DA:54,4
DA:55,6
DA:58,6
DA:64,4
DA:65,4
DA:69,2
DA:70,2
DA:71,2
DA:75,2
DA:77,2
DA:80,8
DA:83,2
DA:84,6
DA:86,10
DA:88,6
DA:91,3
DA:97,2
DA:98,2
DA:99,2
DA:101,2
DA:104,6
DA:105,6
DA:106,2
DA:107,12
DA:108,2
DA:112,2
DA:113,2
DA:115,2
DA:123,2
DA:124,2
DA:126,2
DA:129,2
DA:130,2
DA:131,2
DA:132,2
DA:136,2
DA:137,2
DA:138,2
DA:139,8
DA:142,2
DA:143,2
DA:146,10
DA:149,2
DA:150,4
DA:152,4
DA:153,2
DA:156,10
DA:159,10
DA:160,2
DA:162,2
DA:163,2
DA:164,8
DA:168,2
DA:169,2
DA:170,6
DA:174,6
DA:175,2
DA:176,2
DA:177,2
DA:180,2
DA:183,2
DA:184,2
DA:185,2
DA:187,6
DA:190,2
DA:191,2
DA:192,2
DA:194,2
DA:197,2
DA:198,4
DA:200,2
DA:201,10
DA:202,2
DA:204,2
DA:206,6
DA:208,10
DA:209,2
DA:211,2
DA:213,6
DA:214,2
DA:215,2
DA:216,2
DA:219,2
DA:222,2
DA:223,2
DA:227,2
DA:228,2
DA:229,2
DA:232,6
DA:233,6
DA:235,8
DA:238,2
DA:239,2
DA:240,2
DA:242,4
DA:243,2
DA:245,6
DA:248,3
DA:249,9
DA:254,3
DA:255,3
DA:256,13
DA:257,3
DA:259,3
DA:261,12
DA:265,1
DA:266,1
DA:267,1
DA:268,6
DA:272,3
DA:273,3
DA:274,3
DA:275,12
DA:278,3
DA:279,19
DA:289,2
DA:296,8
LF:145
LH:145
end_of_record
SF:lib\data\models\event_data.dart
DA:16,5
DA:17,5
DA:19,5
DA:20,5
DA:23,3
DA:24,3
DA:28,9
DA:29,3
DA:30,3
DA:32,6
DA:34,3
DA:36,6
DA:37,3
DA:40,8
DA:51,8
DA:52,16
DA:53,16
LF:17
LH:17
end_of_record
SF:lib\data\models\hello\activity_area.dart
DA:12,3
DA:21,2
DA:22,1
DA:23,1
DA:24,1
DA:25,2
DA:26,2
DA:29,2
DA:30,1
DA:31,1
DA:32,1
DA:33,2
DA:34,2
DA:37,0
DA:40,0
DA:41,0
DA:42,0
DA:43,0
DA:44,0
DA:45,0
DA:46,0
DA:48,0
DA:49,0
LF:23
LH:13
end_of_record
SF:lib\data\models\hello\news.dart
DA:39,9
DA:55,2
DA:56,1
DA:57,1
DA:58,1
DA:59,1
DA:60,1
DA:61,3
DA:62,2
DA:63,2
DA:64,2
DA:65,2
DA:66,2
DA:67,2
DA:70,2
DA:71,1
DA:72,1
DA:73,1
DA:74,1
DA:75,1
DA:76,3
DA:77,2
DA:78,2
DA:79,2
DA:80,2
DA:81,2
DA:82,2
DA:85,3
DA:88,0
DA:89,0
DA:90,0
DA:91,0
DA:92,0
DA:93,0
DA:94,0
DA:95,0
DA:96,0
DA:97,0
DA:98,0
DA:99,0
DA:100,0
DA:101,0
DA:103,0
DA:105,0
DA:106,0
DA:107,0
DA:108,0
DA:109,0
DA:110,0
DA:111,0
DA:112,0
DA:113,0
DA:114,0
DA:115,0
DA:116,0
LF:55
LH:28
end_of_record
SF:lib\data\models\hello\news_tags.dart
DA:10,7
DA:13,0
DA:14,0
DA:15,0
DA:16,0
DA:17,0
DA:20,0
DA:21,0
DA:22,0
DA:23,0
DA:24,0
DA:27,0
DA:30,0
DA:31,0
DA:32,0
DA:33,0
DA:34,0
DA:35,0
DA:37,0
DA:38,0
LF:20
LH:1
end_of_record
SF:lib\data\models\hello\organizer.dart
DA:57,9
DA:78,2
DA:79,1
DA:80,1
DA:81,1
DA:82,1
DA:83,1
DA:84,1
DA:85,2
DA:86,1
DA:87,1
DA:88,1
DA:89,1
DA:90,1
DA:91,1
DA:92,1
DA:93,1
DA:94,1
DA:95,1
DA:98,2
DA:99,1
DA:100,1
DA:101,1
DA:102,1
DA:103,1
DA:104,1
DA:105,2
DA:106,1
DA:107,1
DA:108,1
DA:109,1
DA:110,1
DA:111,1
DA:112,1
DA:113,1
DA:114,1
DA:115,1
LF:37
LH:37
end_of_record
SF:lib\data\models\hello\paginated_news.dart
DA:20,6
DA:28,2
DA:29,1
DA:30,1
DA:31,1
DA:32,1
DA:33,5
DA:36,0
DA:37,0
DA:38,0
DA:39,0
DA:40,0
DA:41,0
DA:44,0
DA:47,0
DA:48,0
DA:49,0
DA:50,0
DA:51,0
DA:52,0
DA:53,0
DA:55,0
DA:57,0
LF:23
LH:7
end_of_record
SF:lib\data\models\hello\report.dart
DA:9,1
DA:12,0
DA:13,0
DA:15,0
LF:4
LH:1
end_of_record
SF:lib\data\models\quick_link.dart
DA:10,6
LF:1
LH:1
end_of_record
SF:lib\data\models\quick_link_data.dart
DA:5,2
DA:7,1
DA:8,3
DA:11,1
DA:12,3
LF:5
LH:5
end_of_record
SF:lib\data\models\quick_links.dart
DA:14,4
DA:15,2
DA:17,2
DA:21,2
DA:23,2
DA:24,2
DA:27,2
DA:29,2
DA:33,2
DA:35,2
DA:39,2
DA:41,2
DA:45,2
DA:47,2
DA:48,2
DA:51,2
DA:53,2
DA:57,2
DA:59,2
DA:60,2
DA:66,2
DA:68,2
DA:72,2
DA:74,2
DA:75,2
DA:78,2
DA:80,2
DA:81,2
DA:84,2
DA:86,2
DA:90,2
DA:92,2
DA:96,2
DA:98,2
DA:102,2
DA:104,2
DA:108,2
DA:110,2
DA:111,2
DA:114,2
DA:116,2
DA:117,2
DA:120,2
DA:122,2
DA:126,2
DA:128,2
DA:129,2
DA:132,2
DA:134,2
DA:135,2
DA:138,2
DA:140,2
DA:141,4
LF:53
LH:53
end_of_record
SF:lib\ui\core\themes\app_palette.dart
DA:43,1
LF:1
LH:1
end_of_record
SF:lib\data\models\session_reminder.dart
DA:10,4
LF:1
LH:1
end_of_record
SF:lib\data\repositories\author_repository.dart
DA:13,0
DA:14,0
LF:2
LH:0
end_of_record
SF:lib\data\services\hello\hello_service.dart
DA:25,1
DA:36,1
DA:46,1
DA:48,1
DA:58,1
DA:63,1
DA:64,2
DA:65,1
DA:71,1
DA:72,2
DA:73,1
LF:11
LH:11
end_of_record
SF:lib\locator.dart
DA:31,201
DA:33,0
DA:35,0
DA:36,0
DA:37,0
DA:38,0
DA:39,0
DA:40,0
DA:41,0
DA:42,0
DA:43,0
DA:44,0
DA:45,0
DA:47,0
DA:48,0
DA:49,0
DA:52,0
DA:53,0
DA:54,0
DA:55,0
DA:56,0
DA:57,0
DA:58,0
DA:59,0
DA:60,0
DA:63,0
DA:64,0
DA:65,0
LF:28
LH:1
end_of_record
SF:lib\data\repositories\base_stream_repository.dart
DA:35,6
DA:40,2
DA:41,6
DA:42,2
DA:43,3
DA:51,1
DA:52,1
DA:53,4
DA:56,1
DA:57,3
DA:58,1
DA:59,5
DA:60,1
DA:61,2
DA:63,3
DA:67,2
DA:68,2
DA:69,8
DA:71,1
DA:72,4
DA:73,4
DA:74,2
DA:75,1
DA:82,2
DA:87,2
DA:88,2
DA:90,8
DA:92,2
DA:95,1
DA:100,2
DA:102,2
DA:106,6
DA:107,1
DA:112,1
DA:113,1
DA:115,4
DA:116,2
DA:120,2
DA:122,2
DA:126,1
DA:130,4
DA:131,2
DA:136,2
DA:137,2
DA:138,2
DA:140,6
DA:141,3
DA:142,3
DA:146,6
DA:147,4
DA:148,4
DA:149,6
DA:151,10
DA:153,4
DA:154,2
DA:156,2
LF:56
LH:56
end_of_record
SF:lib\data\services\auth_service.dart
DA:20,0
DA:23,0
DA:24,0
DA:26,0
DA:28,0
DA:29,0
DA:30,0
DA:33,0
DA:36,0
DA:39,0
DA:43,0
DA:45,0
DA:48,0
DA:49,0
DA:55,0
DA:56,0
DA:61,0
DA:62,0
DA:67,0
DA:69,0
DA:70,0
DA:74,0
DA:75,0
DA:76,0
DA:78,0
DA:79,0
DA:84,0
DA:86,0
DA:87,0
DA:88,0
DA:89,0
DA:91,0
DA:92,0
DA:94,0
DA:95,0
DA:101,0
DA:103,0
DA:105,0
DA:107,0
DA:109,0
DA:110,0
DA:112,0
DA:113,0
DA:118,0
DA:119,0
DA:122,0
DA:124,0
DA:125,0
DA:126,0
DA:128,0
DA:129,0
LF:51
LH:0
end_of_record
SF:lib\data\services\networking_service.dart
DA:10,0
DA:12,0
DA:13,0
DA:14,0
DA:17,0
DA:18,0
DA:19,0
LF:7
LH:0
end_of_record
SF:lib\domain\models\signets-api\signets_api_response.dart
DA:5,3
DA:7,1
DA:8,1
DA:9,5
DA:13,2
DA:15,2
DA:16,0
DA:18,0
DA:22,2
DA:25,0
DA:26,0
DA:27,0
LF:12
LH:7
end_of_record
SF:lib\data\repositories\broadcast_message_repository.dart
DA:13,0
DA:14,0
DA:15,0
DA:16,0
DA:19,0
DA:20,0
DA:21,0
DA:22,0
DA:23,0
DA:24,0
DA:25,0
LF:11
LH:0
end_of_record
SF:lib\data\services\remote_config_service.dart
DA:57,0
DA:58,0
DA:59,0
DA:62,0
DA:63,0
DA:64,0
DA:67,0
DA:68,0
DA:69,0
DA:72,0
DA:73,0
DA:74,0
DA:77,0
DA:78,0
DA:79,0
DA:82,0
DA:83,0
DA:84,0
DA:87,0
DA:88,0
DA:89,0
DA:92,0
DA:93,0
DA:94,0
DA:97,0
DA:98,0
DA:99,0
DA:102,0
DA:103,0
DA:104,0
DA:107,0
DA:108,0
DA:109,0
DA:112,0
DA:113,0
DA:114,0
DA:117,0
DA:118,0
DA:119,0
DA:122,0
DA:123,0
DA:124,0
DA:127,0
DA:128,0
DA:129,0
DA:132,0
DA:133,0
DA:134,0
DA:137,0
DA:138,0
DA:139,0
DA:142,0
DA:143,0
DA:144,0
DA:147,0
DA:148,0
DA:149,0
DA:152,0
DA:153,0
DA:155,0
DA:156,0
DA:157,0
DA:158,0
DA:162,0
DA:163,0
DA:164,0
DA:165,0
LF:67
LH:0
end_of_record
SF:lib\data\repositories\course_repository.dart
DA:72,2
DA:77,2
DA:82,2
DA:87,0
DA:95,2
DA:101,2
DA:104,1
DA:105,1
DA:106,4
DA:108,1
DA:109,6
DA:110,1
DA:111,1
DA:115,0
DA:116,0
DA:117,0
DA:119,0
DA:125,1
DA:127,2
DA:129,3
DA:132,5
DA:133,5
DA:134,1
DA:135,0
DA:136,0
DA:140,1
DA:144,3
DA:145,1
DA:148,2
DA:149,4
DA:150,4
DA:152,1
DA:153,3
DA:154,3
DA:159,1
DA:160,2
DA:161,2
DA:162,1
DA:165,2
DA:168,2
DA:169,3
DA:170,2
DA:176,4
DA:177,1
DA:179,2
DA:182,1
DA:188,0
DA:190,0
DA:195,0
DA:196,0
DA:197,0
DA:201,0
DA:204,0
DA:207,0
DA:208,0
DA:209,0
DA:210,0
DA:211,0
DA:213,0
DA:214,0
DA:218,0
DA:220,0
DA:223,0
DA:224,0
DA:225,0
DA:226,0
DA:227,0
DA:231,0
DA:235,0
DA:236,0
DA:238,0
DA:241,0
DA:247,1
DA:249,2
DA:255,1
DA:256,2
DA:258,3
DA:261,5
DA:262,5
DA:263,1
DA:264,2
DA:269,1
DA:272,1
DA:276,1
DA:277,1
DA:280,2
DA:281,4
DA:282,4
DA:284,1
DA:285,3
DA:286,3
DA:291,2
DA:292,3
DA:293,0
DA:299,4
DA:300,0
DA:302,0
DA:305,1
DA:311,1
DA:313,1
DA:315,2
DA:316,2
DA:317,1
DA:320,5
DA:321,5
DA:322,1
DA:323,2
DA:328,2
DA:329,1
DA:333,2
DA:334,4
DA:335,2
DA:336,2
DA:337,2
DA:342,4
DA:343,1
DA:344,2
DA:345,1
DA:346,1
DA:347,3
DA:351,1
DA:356,1
DA:358,2
DA:364,1
DA:365,2
DA:367,3
DA:370,5
DA:371,5
DA:372,1
DA:373,2
DA:378,1
DA:381,1
DA:382,1
DA:385,3
DA:386,4
DA:387,1
DA:388,3
DA:389,3
DA:394,2
DA:395,1
DA:396,3
DA:399,2
DA:403,2
DA:404,2
DA:405,1
DA:407,1
DA:408,1
DA:409,3
DA:411,1
DA:413,2
DA:416,2
DA:422,4
DA:423,1
DA:425,2
DA:428,1
DA:434,1
DA:438,2
DA:443,2
DA:444,1
DA:445,1
DA:446,1
DA:448,4
DA:449,1
DA:450,1
DA:451,4
DA:452,0
DA:456,3
DA:457,3
DA:462,2
DA:465,9
DA:466,1
DA:467,2
DA:471,4
DA:472,1
DA:475,2
DA:483,1
DA:485,2
DA:490,1
DA:491,2
DA:493,3
DA:496,5
DA:497,5
DA:498,1
DA:499,2
DA:504,1
DA:508,1
DA:509,2
DA:510,1
DA:513,1
DA:517,3
DA:518,1
DA:521,2
DA:522,4
DA:523,4
DA:525,1
DA:526,3
DA:527,3
DA:532,1
DA:533,2
DA:534,2
DA:535,1
DA:538,5
DA:541,2
DA:542,3
DA:543,2
DA:549,4
DA:551,5
DA:552,1
DA:554,2
DA:557,1
DA:561,1
DA:562,2
DA:564,3
DA:568,1
DA:569,1
DA:570,1
DA:574,1
DA:575,1
DA:578,3
DA:579,3
DA:580,3
DA:581,3
DA:582,3
DA:583,1
DA:586,1
DA:587,3
DA:588,3
DA:596,1
DA:597,2
DA:598,8
DA:599,1
DA:601,1
LF:232
LH:195
end_of_record
SF:lib\data\repositories\settings_repository.dart
DA:14,3
DA:19,2
DA:23,2
DA:27,2
DA:30,2
DA:32,1
DA:33,2
DA:34,4
DA:37,1
DA:38,3
DA:40,3
DA:41,1
DA:44,3
DA:46,1
DA:47,2
DA:48,4
DA:51,1
DA:52,3
DA:53,1
DA:56,3
DA:58,3
DA:60,1
DA:61,2
DA:64,1
DA:70,1
DA:71,3
DA:75,3
DA:77,3
DA:81,1
DA:83,3
DA:84,4
DA:87,1
DA:88,3
DA:90,3
DA:92,3
DA:94,3
DA:96,3
DA:98,1
DA:99,2
DA:101,1
DA:102,2
DA:106,1
DA:107,2
DA:110,1
DA:116,4
DA:118,3
DA:120,3
LF:47
LH:47
end_of_record
SF:lib\data\services\analytics_service.dart
DA:14,0
DA:17,0
DA:18,0
DA:19,0
DA:22,0
DA:27,0
DA:28,0
DA:29,0
DA:33,0
DA:34,0
DA:36,0
DA:39,0
LF:12
LH:0
end_of_record
SF:lib\data\services\cache_service.dart
DA:32,0
DA:33,0
DA:36,0
DA:37,0
DA:40,0
DA:44,0
DA:46,0
DA:47,0
DA:48,0
DA:54,0
DA:56,0
DA:57,0
DA:58,0
DA:63,0
DA:65,0
DA:66,0
DA:67,0
LF:17
LH:0
end_of_record
SF:lib\data\services\signets-api\models\course.dart
DA:44,6
DA:47,2
DA:48,2
DA:52,1
DA:54,8
DA:58,1
DA:59,1
DA:63,1
DA:64,1
DA:65,6
DA:66,1
DA:68,4
DA:71,12
DA:84,2
DA:85,2
DA:86,2
DA:87,2
DA:88,2
DA:89,2
DA:90,3
DA:91,5
DA:95,2
DA:96,1
DA:97,1
DA:98,1
DA:99,1
DA:100,1
DA:101,1
DA:102,1
DA:103,3
DA:104,1
DA:105,0
DA:109,2
DA:110,1
DA:111,1
DA:112,1
DA:113,1
DA:114,1
DA:115,1
DA:116,1
DA:117,1
DA:118,1
DA:121,0
DA:123,0
DA:124,0
DA:125,0
DA:126,0
DA:127,0
DA:128,0
DA:129,0
DA:130,0
DA:131,0
DA:132,0
DA:135,7
DA:138,2
DA:139,6
DA:140,6
DA:141,6
DA:142,6
DA:143,6
DA:144,6
DA:145,6
DA:146,6
DA:147,6
DA:148,6
DA:150,3
DA:152,9
DA:153,9
DA:154,9
DA:155,9
DA:156,9
DA:157,9
DA:158,9
DA:159,9
DA:160,6
LF:75
LH:63
end_of_record
SF:lib\data\services\signets-api\models\course_review.dart
DA:29,3
DA:40,2
DA:41,2
DA:42,2
DA:43,2
DA:44,2
DA:45,3
DA:46,3
DA:47,4
DA:51,0
DA:52,0
DA:53,0
DA:54,0
DA:55,0
DA:56,0
DA:57,0
DA:58,0
DA:61,2
DA:62,1
DA:63,1
DA:64,1
DA:65,1
DA:66,2
DA:67,2
DA:68,1
DA:71,0
DA:73,0
DA:74,0
DA:75,0
DA:76,0
DA:77,0
DA:78,0
DA:79,0
DA:80,0
DA:83,2
DA:86,1
DA:87,3
DA:88,3
DA:89,3
DA:90,3
DA:91,3
DA:92,3
DA:93,3
DA:94,3
DA:96,0
DA:98,0
DA:99,0
DA:100,0
DA:101,0
DA:102,0
DA:103,0
DA:104,0
LF:52
LH:27
end_of_record
SF:lib\data\services\signets-api\models\course_summary.dart
DA:39,6
DA:51,2
DA:52,3
DA:53,4
DA:55,3
DA:56,4
DA:58,3
DA:59,4
DA:61,3
DA:62,4
DA:64,3
DA:65,4
DA:67,3
DA:68,4
DA:70,3
DA:71,4
DA:73,5
DA:77,2
DA:78,1
DA:79,1
DA:80,1
DA:81,1
DA:82,1
DA:83,1
DA:84,1
DA:85,1
DA:86,3
DA:87,1
DA:90,2
DA:91,1
DA:92,1
DA:93,1
DA:94,1
DA:95,1
DA:96,1
DA:97,1
DA:98,1
DA:101,0
DA:103,0
DA:104,0
DA:105,0
DA:106,0
DA:107,0
DA:108,0
DA:109,0
DA:110,0
DA:111,0
DA:114,2
DA:117,2
DA:118,6
DA:119,6
DA:120,6
DA:121,6
DA:122,6
DA:123,6
DA:124,6
DA:125,6
DA:126,6
DA:128,2
DA:130,6
DA:131,6
DA:132,6
DA:133,6
DA:134,6
DA:135,6
DA:136,6
DA:137,4
LF:67
LH:57
end_of_record
SF:lib\data\services\signets-api\models\schedule_activity.dart
DA:28,5
DA:38,2
DA:39,2
DA:40,2
DA:41,3
DA:42,4
DA:43,4
DA:44,2
DA:48,2
DA:49,1
DA:50,1
DA:51,2
DA:52,3
DA:53,3
DA:54,1
DA:57,2
DA:58,1
DA:59,1
DA:60,2
DA:61,3
DA:62,3
DA:63,1
DA:66,4
DA:69,4
DA:70,12
DA:71,12
DA:72,12
DA:73,12
DA:74,6
DA:75,6
DA:77,0
DA:79,0
DA:80,0
DA:81,0
DA:82,0
DA:83,0
DA:84,0
LF:37
LH:30
end_of_record
SF:lib\data\services\signets-api\signets_api_client.dart
DA:43,1
DA:44,1
DA:48,0
DA:49,0
DA:51,0
DA:52,0
DA:53,0
DA:54,0
DA:55,0
DA:57,0
DA:58,0
DA:61,0
DA:75,1
DA:81,1
DA:83,1
DA:84,1
DA:85,1
DA:86,2
DA:92,1
DA:97,1
DA:98,1
DA:100,1
DA:101,1
DA:102,2
DA:105,1
DA:109,1
DA:110,4
DA:111,1
DA:116,1
DA:121,1
DA:123,1
DA:124,2
DA:129,1
DA:133,1
DA:134,4
DA:135,1
DA:139,1
DA:140,4
DA:141,1
DA:145,1
DA:146,4
DA:147,1
DA:152,0
DA:153,0
DA:154,0
DA:159,1
DA:160,4
DA:161,1
LF:48
LH:35
end_of_record
SF:lib\utils\api_exception.dart
DA:7,2
DA:9,2
DA:11,10
LF:3
LH:3
end_of_record
SF:lib\utils\cache_exception.dart
DA:6,0
DA:8,1
DA:10,3
LF:3
LH:2
end_of_record
SF:lib\data\repositories\list_sessions_repository.dart
DA:19,2
DA:21,1
DA:22,4
DA:23,1
DA:24,5
DA:28,1
DA:29,1
DA:32,1
DA:33,4
DA:35,2
DA:36,1
DA:37,4
DA:38,2
DA:39,2
DA:44,1
DA:45,1
DA:46,2
DA:48,6
DA:49,1
DA:51,2
LF:20
LH:20
end_of_record
SF:lib\data\services\signets_client.g.dart
DA:14,1
DA:15,1
DA:24,1
DA:26,1
DA:27,1
DA:28,1
DA:30,1
DA:31,1
DA:32,1
DA:33,2
DA:38,6
DA:40,2
DA:43,1
DA:44,1
DA:45,2
DA:47,1
DA:48,2
DA:50,1
DA:51,0
DA:54,0
DA:60,1
DA:61,1
DA:62,2
DA:63,2
DA:64,1
DA:65,0
DA:67,1
DA:73,1
DA:74,2
DA:78,1
DA:80,1
DA:81,1
DA:84,0
LF:33
LH:29
end_of_record
SF:lib\data\repositories\news_repository.dart
DA:16,0
DA:17,0
LF:2
LH:0
end_of_record
SF:lib\data\repositories\quick_link_repository.dart
DA:17,1
DA:18,2
DA:19,1
DA:21,4
DA:24,1
DA:26,1
DA:27,1
DA:28,6
DA:29,1
DA:31,3
DA:34,0
DA:35,0
LF:12
LH:10
end_of_record
SF:lib\data\services\calendar_service.dart
DA:15,0
DA:16,0
DA:18,0
DA:20,0
DA:22,0
DA:24,0
DA:26,0
DA:40,0
DA:42,0
DA:43,0
DA:44,0
DA:45,0
DA:46,0
DA:49,0
DA:53,0
DA:54,0
DA:55,0
DA:56,0
DA:64,0
DA:68,0
DA:69,0
DA:72,0
DA:73,0
DA:76,0
DA:82,0
DA:84,0
DA:85,0
DA:88,0
DA:92,0
DA:93,0
DA:97,0
DA:98,0
DA:99,0
DA:103,0
DA:107,0
DA:109,0
DA:110,0
DA:111,0
DA:112,0
DA:113,0
DA:114,0
DA:116,0
DA:119,0
DA:120,0
DA:125,0
DA:126,0
DA:129,0
DA:132,0
DA:134,0
DA:141,0
DA:142,0
DA:145,0
DA:147,0
DA:152,0
DA:156,0
DA:157,0
DA:161,0
DA:162,0
DA:163,0
DA:164,0
DA:165,0
DA:166,0
DA:170,0
DA:172,0
LF:64
LH:0
end_of_record
SF:lib\data\services\preferences_service.dart
DA:16,1
DA:17,4
DA:19,3
DA:22,1
DA:23,4
DA:26,1
DA:29,3
DA:32,1
DA:33,4
DA:35,3
DA:38,1
DA:39,4
DA:42,1
DA:45,3
DA:48,1
DA:49,4
DA:51,3
DA:54,1
DA:55,4
DA:58,3
DA:61,3
DA:65,1
DA:66,1
DA:69,2
DA:70,3
DA:73,1
DA:78,2
DA:81,2
DA:82,1
DA:83,1
DA:84,0
DA:85,0
DA:90,1
DA:91,3
DA:94,1
DA:95,2
LF:36
LH:34
end_of_record
SF:lib\data\repositories\user_repository.dart
DA:47,2
DA:52,2
DA:57,1
DA:59,2
DA:61,2
DA:65,1
DA:67,2
DA:69,3
DA:72,5
DA:73,5
DA:74,1
DA:75,2
DA:80,1
DA:84,3
DA:85,5
DA:88,4
DA:89,1
DA:90,2
DA:91,1
DA:92,1
DA:93,3
DA:97,1
DA:103,1
DA:105,2
DA:111,1
DA:113,3
DA:116,2
DA:117,4
DA:118,1
DA:119,2
DA:124,1
DA:128,2
DA:130,3
DA:132,2
DA:133,1
DA:136,4
DA:138,1
DA:139,0
DA:140,0
DA:141,1
DA:142,3
DA:146,1
LF:42
LH:40
end_of_record
SF:lib\data\services\signets-api\models\profile_student.dart
DA:22,4
DA:31,2
DA:32,3
DA:33,3
DA:34,2
DA:35,2
DA:36,2
DA:40,2
DA:41,1
DA:42,1
DA:43,1
DA:44,2
DA:45,1
DA:48,2
DA:49,2
DA:50,2
DA:51,1
DA:52,1
DA:53,1
DA:56,3
DA:59,2
DA:60,6
DA:61,6
DA:62,6
DA:63,6
DA:64,6
DA:65,6
DA:67,0
DA:68,0
LF:29
LH:27
end_of_record
SF:lib\data\services\signets-api\models\program.dart
DA:34,5
DA:47,2
DA:48,2
DA:49,2
DA:50,2
DA:51,2
DA:52,2
DA:53,2
DA:54,2
DA:55,2
DA:56,2
DA:60,2
DA:61,1
DA:62,1
DA:63,1
DA:64,1
DA:65,1
DA:66,1
DA:67,1
DA:68,1
DA:69,1
DA:72,2
DA:73,1
DA:74,1
DA:75,1
DA:76,1
DA:77,1
DA:78,1
DA:79,1
DA:80,1
DA:81,1
DA:84,3
DA:87,2
DA:88,6
DA:89,6
DA:90,6
DA:91,6
DA:92,6
DA:93,6
DA:94,6
DA:95,6
DA:96,6
DA:97,6
DA:99,1
DA:101,3
DA:102,3
DA:103,3
DA:104,3
DA:105,3
DA:106,3
DA:107,3
DA:108,3
DA:109,2
LF:53
LH:53
end_of_record
SF:lib\data\services\dynamic_messages_service.dart
DA:9,1
DA:10,1
DA:11,3
DA:12,3
DA:14,1
DA:17,2
DA:18,2
DA:21,3
DA:22,2
DA:25,2
DA:26,2
DA:29,1
DA:30,1
DA:33,1
DA:34,1
DA:35,1
DA:36,1
DA:37,1
DA:39,2
DA:42,1
DA:43,1
DA:44,1
DA:45,1
DA:46,1
DA:48,1
DA:51,1
DA:53,2
DA:55,1
DA:56,2
DA:59,2
DA:60,2
DA:64,1
DA:65,5
DA:67,2
DA:69,1
DA:71,1
DA:75,2
DA:78,3
DA:79,3
DA:82,2
DA:83,2
DA:86,1
DA:89,1
DA:91,1
DA:92,1
DA:93,1
LF:46
LH:46
end_of_record
SF:lib\data\services\hello\commands\get_events_command.dart
DA:34,1
DA:47,1
DA:49,5
DA:50,0
DA:52,5
DA:54,1
DA:55,0
DA:57,1
DA:58,0
DA:60,1
DA:61,0
DA:63,1
DA:64,0
DA:66,1
DA:67,0
DA:69,1
DA:70,0
DA:73,3
DA:74,3
DA:77,2
DA:78,3
DA:81,3
LF:22
LH:15
end_of_record
SF:lib\utils\http_exception.dart
DA:7,1
DA:12,0
DA:13,0
DA:16,0
DA:18,0
LF:5
LH:1
end_of_record
SF:lib\data\services\hello\commands\get_organizer_command.dart
DA:21,1
DA:23,1
DA:25,5
DA:26,0
DA:28,5
DA:29,2
DA:32,2
DA:33,3
DA:36,2
DA:37,2
LF:10
LH:9
end_of_record
SF:lib\utils\api_response.dart
DA:5,1
DA:7,1
DA:8,1
DA:9,3
DA:10,1
DA:14,1
DA:15,1
DA:17,3
DA:18,1
LF:9
LH:9
end_of_record
SF:lib\data\services\hello\commands\report_news_command.dart
DA:22,1
DA:24,1
DA:26,5
DA:27,0
DA:29,5
DA:30,2
DA:32,1
DA:33,6
DA:37,2
DA:38,3
LF:10
LH:9
end_of_record
SF:lib\data\services\in_app_review_service.dart
DA:16,0
DA:20,0
DA:23,0
DA:24,0
LF:4
LH:0
end_of_record
SF:lib\data\services\launch_url_service.dart
DA:11,0
DA:12,0
DA:13,0
DA:14,0
DA:16,0
DA:20,0
DA:21,0
DA:22,0
DA:23,0
DA:25,0
DA:29,0
DA:30,0
DA:31,0
DA:32,0
DA:34,0
LF:15
LH:0
end_of_record
SF:lib\data\services\navigation_service.dart
DA:20,0
DA:23,0
DA:24,0
DA:26,0
DA:27,0
DA:34,0
DA:35,0
DA:38,0
DA:39,0
DA:42,0
DA:43,0
DA:45,0
DA:50,0
DA:55,0
DA:57,0
DA:58,0
DA:61,0
DA:62,0
DA:64,0
DA:66,0
LF:20
LH:0
end_of_record
SF:lib\data\services\schedule_service.dart
DA:41,1
DA:42,3
DA:43,1
DA:46,1
DA:47,3
DA:48,6
DA:49,1
DA:53,1
DA:54,2
DA:55,2
DA:56,2
DA:57,2
DA:58,3
DA:59,4
DA:62,3
DA:65,1
DA:66,3
DA:71,3
DA:72,1
DA:74,2
DA:77,3
DA:78,5
DA:82,1
DA:85,1
DA:86,1
DA:89,1
DA:90,2
DA:91,4
DA:93,2
DA:96,1
DA:97,1
DA:98,2
DA:99,8
DA:100,3
DA:102,1
DA:103,1
DA:104,3
DA:105,1
DA:106,1
DA:107,1
DA:108,1
DA:109,1
DA:110,1
DA:111,1
DA:112,1
DA:113,4
LF:46
LH:46
end_of_record
SF:lib\data\services\signets-api\commands\get_course_reviews_command.dart
DA:22,1
DA:24,1
DA:26,2
DA:28,1
DA:29,1
DA:31,1
DA:37,5
LF:7
LH:7
end_of_record
SF:lib\data\services\signets-api\request_builder_service.dart
DA:20,2
DA:22,1
DA:28,1
DA:35,1
DA:36,2
DA:38,2
DA:39,1
DA:40,1
DA:42,0
DA:45,2
DA:46,1
DA:50,1
DA:53,0
DA:56,0
DA:63,4
DA:66,2
DA:67,4
DA:68,3
DA:69,1
DA:70,1
DA:72,3
LF:21
LH:18
end_of_record
SF:lib\data\services\signets-api\commands\get_course_summary_command.dart
DA:26,1
DA:35,1
DA:37,4
DA:39,1
DA:40,1
DA:42,1
DA:47,1
DA:48,2
DA:49,2
DA:57,1
LF:10
LH:10
end_of_record
SF:lib\data\services\signets-api\commands\get_courses_activities_command.dart
DA:32,1
DA:44,1
DA:47,3
DA:48,3
DA:50,5
DA:51,3
DA:53,5
DA:54,1
DA:57,2
DA:59,4
DA:61,1
DA:62,1
DA:63,3
DA:65,1
DA:66,3
DA:69,1
DA:70,1
DA:72,1
DA:79,1
DA:80,3
DA:81,1
DA:82,1
DA:85,1
DA:86,1
DA:88,6
DA:91,3
DA:92,1
DA:93,2
DA:94,2
DA:96,2
DA:97,1
LF:31
LH:31
end_of_record
SF:lib\data\services\signets-api\commands\get_courses_command.dart
DA:20,1
DA:22,1
DA:25,3
DA:27,5
LF:4
LH:4
end_of_record
SF:lib\data\services\signets-api\commands\get_programs_command.dart
DA:20,1
DA:22,1
DA:24,3
DA:27,5
LF:4
LH:4
end_of_record
SF:lib\data\services\signets-api\commands\get_replaced_days_command.dart
DA:22,0
DA:24,0
DA:26,0
DA:27,0
DA:28,0
DA:30,0
DA:34,0
LF:7
LH:0
end_of_record
SF:lib\data\services\signets-api\commands\get_schedule_activities_command.dart
DA:23,1
DA:31,1
DA:33,3
DA:34,3
DA:37,2
DA:38,1
DA:39,1
DA:41,1
DA:47,5
LF:9
LH:9
end_of_record
SF:lib\data\services\signets-api\commands\get_sessions_command.dart
DA:20,1
DA:22,1
DA:24,3
DA:27,5
LF:4
LH:4
end_of_record
SF:lib\data\services\signets-api\commands\get_student_info_command.dart
DA:19,1
DA:21,1
DA:23,3
DA:26,1
LF:4
LH:4
end_of_record
SF:lib\data\services\signets-api\models\course_evaluation.dart
DA:49,0
DA:53,18
DA:55,15
DA:57,5
DA:71,5
DA:72,20
DA:76,2
DA:77,2
DA:78,2
DA:79,3
DA:80,4
DA:82,3
DA:83,4
DA:84,3
DA:85,4
DA:87,3
DA:88,4
DA:90,3
DA:91,4
DA:93,3
DA:94,3
DA:96,3
DA:97,2
DA:98,3
DA:99,3
DA:100,3
DA:105,2
DA:106,1
DA:107,1
DA:108,1
DA:109,1
DA:110,1
DA:111,1
DA:112,1
DA:113,1
DA:114,1
DA:115,1
DA:116,1
DA:117,1
DA:118,1
DA:121,2
DA:122,1
DA:123,1
DA:124,1
DA:125,1
DA:126,1
DA:127,1
DA:128,1
DA:129,1
DA:130,1
DA:131,1
DA:132,1
DA:133,1
DA:134,1
DA:137,2
DA:140,2
DA:141,6
DA:142,6
DA:143,6
DA:144,6
DA:145,6
DA:146,6
DA:147,6
DA:148,6
DA:149,6
DA:150,6
DA:151,6
DA:152,6
DA:153,6
DA:154,6
DA:155,6
DA:157,0
DA:159,0
DA:160,0
DA:161,0
DA:162,0
DA:163,0
DA:164,0
DA:165,0
DA:166,0
DA:167,0
DA:168,0
DA:169,0
DA:170,0
DA:171,0
DA:172,0
DA:174,0
DA:176,0
DA:177,0
DA:178,0
DA:179,0
DA:180,0
DA:181,0
DA:182,0
DA:183,0
DA:184,0
DA:185,0
DA:186,0
DA:187,0
DA:188,0
DA:189,0
DA:190,0
LF:102
LH:70
end_of_record
SF:lib\l10n\app_localizations_en.dart
DA:9,120
DA:11,6
DA:14,0
DA:17,1
DA:20,1
DA:23,2
DA:26,2
DA:29,2
DA:32,2
DA:35,0
DA:38,2
DA:41,1
DA:44,0
DA:47,0
DA:50,0
DA:53,0
DA:56,0
DA:59,1
DA:62,1
DA:65,0
DA:68,1
DA:71,1
DA:74,0
DA:77,1
DA:80,1
DA:83,1
DA:86,1
DA:90,1
DA:93,1
DA:97,1
DA:100,1
DA:103,1
DA:106,1
DA:110,1
DA:113,1
DA:116,1
DA:119,2
DA:122,2
DA:126,2
DA:129,2
DA:132,2
DA:135,0
DA:138,0
DA:141,4
DA:144,3
DA:147,2
DA:150,3
DA:153,3
DA:156,0
DA:159,0
DA:162,1
DA:165,0
DA:168,0
DA:171,0
DA:174,0
DA:177,0
DA:180,0
DA:184,1
DA:187,0
DA:190,0
DA:193,0
DA:196,0
DA:199,1
DA:202,1
DA:205,1
DA:208,1
DA:210,1
DA:213,1
DA:216,1
DA:218,1
DA:221,1
DA:223,1
DA:225,1
DA:226,1
DA:230,1
DA:233,1
DA:235,1
DA:238,1
DA:240,1
DA:243,1
DA:245,1
DA:248,1
DA:251,1
DA:254,1
DA:256,1
DA:259,1
DA:261,1
DA:264,1
DA:267,1
DA:270,1
DA:273,1
DA:275,1
DA:278,1
DA:281,1
DA:284,1
DA:287,1
DA:290,1
DA:293,1
DA:296,1
DA:299,1
DA:302,1
DA:305,1
DA:308,1
DA:310,1
DA:313,1
DA:315,1
DA:318,0
DA:321,0
DA:324,0
DA:327,0
DA:330,0
DA:334,0
DA:337,2
DA:340,2
DA:343,2
DA:346,2
DA:349,2
DA:352,2
DA:355,0
DA:358,0
DA:361,0
DA:364,0
DA:367,1
DA:370,1
DA:373,1
DA:376,1
DA:379,1
DA:382,1
DA:385,1
DA:388,1
DA:391,1
DA:394,1
DA:397,1
DA:400,4
DA:403,2
DA:406,2
DA:409,0
DA:412,0
DA:415,0
DA:418,1
DA:421,1
DA:424,1
DA:427,0
DA:430,1
DA:433,0
DA:436,0
DA:439,0
DA:442,0
DA:445,0
DA:448,0
DA:451,0
DA:454,0
DA:457,0
DA:461,3
DA:464,1
DA:466,1
DA:469,5
DA:472,2
DA:475,1
DA:478,2
DA:481,4
DA:483,4
DA:486,2
DA:488,2
DA:491,2
DA:493,2
DA:496,0
DA:499,2
DA:502,2
DA:505,2
DA:508,2
DA:511,2
DA:514,2
DA:517,0
DA:520,0
DA:524,0
DA:527,0
DA:530,0
DA:533,1
DA:535,1
DA:538,1
DA:540,1
DA:543,1
DA:545,1
DA:548,1
DA:552,4
DA:555,1
DA:558,0
DA:561,0
DA:564,0
DA:567,0
DA:570,1
DA:573,1
DA:576,0
DA:579,1
DA:582,2
DA:585,2
DA:588,2
DA:591,2
DA:594,2
DA:597,2
DA:600,2
DA:603,2
DA:606,1
DA:609,0
DA:612,1
DA:615,1
DA:618,3
DA:621,2
DA:624,2
DA:627,2
DA:630,2
DA:633,2
DA:636,0
DA:639,2
DA:642,2
DA:645,2
DA:648,2
DA:651,2
DA:654,2
DA:657,2
DA:660,2
DA:663,2
DA:666,2
DA:669,2
DA:672,2
DA:675,2
DA:678,2
DA:681,2
DA:684,0
DA:686,0
DA:689,0
DA:691,0
DA:694,0
DA:697,0
DA:700,1
DA:703,1
DA:706,1
DA:709,0
DA:712,0
DA:715,3
DA:718,3
DA:721,0
DA:724,0
DA:727,0
DA:730,0
DA:733,0
DA:736,0
DA:739,0
DA:742,0
DA:745,0
DA:749,0
DA:752,0
DA:755,0
DA:758,0
DA:761,0
DA:764,0
DA:767,2
DA:770,1
DA:773,0
DA:776,1
DA:779,0
DA:781,0
DA:784,0
DA:786,0
DA:789,2
DA:792,1
DA:795,1
DA:798,1
DA:801,1
DA:804,2
DA:807,2
DA:810,0
DA:813,1
DA:816,1
DA:819,0
DA:822,1
DA:826,1
DA:829,1
DA:832,1
DA:835,1
DA:838,1
DA:841,1
DA:844,1
DA:847,1
DA:850,1
DA:853,1
DA:856,1
DA:859,1
DA:862,1
DA:865,1
DA:868,1
DA:871,1
DA:874,1
DA:877,1
DA:880,1
DA:883,1
DA:886,1
DA:889,2
DA:892,1
DA:895,1
DA:898,1
DA:901,1
DA:904,0
DA:907,1
DA:910,1
DA:913,2
DA:916,1
DA:919,0
DA:922,0
DA:925,1
DA:928,3
DA:931,3
DA:934,1
DA:937,1
DA:940,1
DA:943,1
DA:946,1
DA:949,1
DA:952,1
DA:956,1
DA:959,1
DA:962,1
DA:965,1
DA:968,1
DA:970,1
DA:973,1
DA:976,4
DA:979,0
DA:982,0
DA:985,0
DA:989,0
DA:992,2
DA:995,0
DA:998,0
DA:1001,0
DA:1004,0
DA:1007,0
DA:1010,0
DA:1013,2
DA:1016,1
DA:1018,1
DA:1021,0
DA:1023,0
DA:1025,0
DA:1026,0
DA:1029,0
DA:1032,0
DA:1036,2
DA:1039,1
DA:1042,2
DA:1045,2
DA:1048,0
DA:1051,0
DA:1054,0
DA:1057,0
DA:1060,1
DA:1063,1
DA:1066,2
DA:1069,1
DA:1071,1
DA:1073,1
DA:1074,1
DA:1075,1
DA:1077,1
DA:1080,0
DA:1082,0
DA:1084,0
DA:1085,0
DA:1086,0
DA:1088,0
DA:1091,2
DA:1093,2
DA:1095,2
DA:1096,2
DA:1097,2
DA:1099,2
DA:1102,2
DA:1105,2
LF:379
LH:261
end_of_record
SF:lib\l10n\app_localizations_fr.dart
DA:9,2
DA:11,0
DA:14,0
DA:17,0
DA:20,0
DA:23,0
DA:26,0
DA:29,0
DA:32,0
DA:35,0
DA:38,0
DA:41,0
DA:44,0
DA:47,0
DA:50,0
DA:53,0
DA:56,0
DA:59,0
DA:62,0
DA:65,0
DA:68,0
DA:71,0
DA:74,0
DA:77,0
DA:80,0
DA:83,0
DA:86,0
DA:90,0
DA:93,0
DA:97,0
DA:100,0
DA:104,0
DA:107,0
DA:111,0
DA:114,0
DA:117,0
DA:120,0
DA:123,0
DA:127,0
DA:130,0
DA:133,0
DA:136,0
DA:139,0
DA:143,0
DA:146,0
DA:149,0
DA:152,0
DA:155,0
DA:158,0
DA:161,0
DA:164,0
DA:167,0
DA:170,0
DA:173,0
DA:176,0
DA:179,0
DA:182,0
DA:186,0
DA:189,0
DA:192,0
DA:195,0
DA:198,0
DA:201,0
DA:204,0
DA:207,0
DA:210,0
DA:212,0
DA:215,0
DA:218,1
DA:220,1
DA:223,0
DA:225,0
DA:227,0
DA:228,0
DA:232,0
DA:235,0
DA:237,0
DA:240,0
DA:242,0
DA:245,0
DA:247,0
DA:250,0
DA:253,0
DA:257,1
DA:259,1
DA:262,0
DA:264,0
DA:267,0
DA:270,0
DA:274,0
DA:278,0
DA:280,0
DA:283,0
DA:287,0
DA:290,0
DA:293,0
DA:296,0
DA:299,0
DA:302,0
DA:305,0
DA:308,0
DA:311,0
DA:314,0
DA:316,0
DA:319,0
DA:321,0
DA:324,0
DA:327,0
DA:330,0
DA:333,0
DA:336,0
DA:340,0
DA:343,0
DA:346,0
DA:349,0
DA:352,0
DA:355,0
DA:358,0
DA:361,0
DA:364,0
DA:367,0
DA:370,0
DA:373,0
DA:376,0
DA:379,0
DA:382,1
DA:385,0
DA:388,0
DA:391,0
DA:394,0
DA:397,0
DA:400,0
DA:403,0
DA:406,0
DA:409,0
DA:412,0
DA:415,0
DA:418,0
DA:421,0
DA:424,0
DA:427,0
DA:430,0
DA:433,0
DA:436,0
DA:439,0
DA:442,0
DA:445,0
DA:448,0
DA:451,0
DA:454,0
DA:457,0
DA:460,0
DA:463,0
DA:467,0
DA:470,0
DA:472,0
DA:475,0
DA:478,0
DA:481,0
DA:484,0
DA:487,0
DA:489,0
DA:492,0
DA:494,0
DA:497,0
DA:499,0
DA:502,0
DA:505,0
DA:508,0
DA:511,0
DA:514,0
DA:517,0
DA:520,0
DA:523,0
DA:526,0
DA:530,0
DA:533,0
DA:536,0
DA:539,0
DA:541,0
DA:544,0
DA:546,0
DA:549,0
DA:551,0
DA:554,0
DA:558,0
DA:561,0
DA:564,0
DA:567,0
DA:570,0
DA:573,0
DA:576,0
DA:579,0
DA:582,0
DA:585,0
DA:588,0
DA:591,0
DA:594,0
DA:597,0
DA:600,0
DA:603,0
DA:606,0
DA:609,0
DA:612,0
DA:615,0
DA:618,0
DA:621,0
DA:624,0
DA:627,0
DA:630,0
DA:633,0
DA:636,0
DA:639,0
DA:642,0
DA:645,0
DA:648,0
DA:651,0
DA:654,0
DA:657,0
DA:660,0
DA:663,0
DA:666,0
DA:669,0
DA:672,0
DA:675,0
DA:678,0
DA:681,0
DA:684,0
DA:687,0
DA:690,0
DA:692,0
DA:695,0
DA:697,0
DA:700,0
DA:703,0
DA:706,0
DA:709,0
DA:712,0
DA:715,0
DA:718,0
DA:722,0
DA:725,0
DA:729,0
DA:732,0
DA:735,0
DA:738,0
DA:741,0
DA:744,0
DA:747,0
DA:750,0
DA:753,0
DA:757,0
DA:760,0
DA:763,0
DA:766,0
DA:769,0
DA:772,0
DA:775,0
DA:778,0
DA:781,0
DA:784,0
DA:787,0
DA:789,0
DA:792,0
DA:794,0
DA:797,0
DA:800,0
DA:803,0
DA:806,0
DA:809,0
DA:812,0
DA:815,0
DA:818,0
DA:821,0
DA:824,0
DA:827,0
DA:830,0
DA:834,0
DA:837,0
DA:840,0
DA:843,0
DA:846,0
DA:849,0
DA:852,0
DA:855,0
DA:858,0
DA:861,0
DA:864,0
DA:867,0
DA:870,0
DA:873,0
DA:876,0
DA:879,0
DA:882,0
DA:885,0
DA:888,0
DA:891,0
DA:894,0
DA:897,0
DA:900,0
DA:903,0
DA:906,0
DA:909,0
DA:912,0
DA:915,0
DA:918,0
DA:921,0
DA:924,0
DA:927,0
DA:930,0
DA:933,0
DA:936,0
DA:939,0
DA:942,0
DA:945,0
DA:948,0
DA:951,0
DA:954,0
DA:957,0
DA:960,0
DA:964,0
DA:967,0
DA:970,0
DA:973,0
DA:976,0
DA:978,0
DA:981,0
DA:984,0
DA:987,0
DA:990,0
DA:994,0
DA:998,0
DA:1001,0
DA:1004,0
DA:1007,0
DA:1010,0
DA:1013,0
DA:1016,0
DA:1019,0
DA:1022,0
DA:1025,0
DA:1027,0
DA:1030,0
DA:1032,0
DA:1034,0
DA:1035,0
DA:1038,0
DA:1041,0
DA:1045,0
DA:1048,0
DA:1051,0
DA:1054,0
DA:1057,0
DA:1060,0
DA:1063,0
DA:1067,0
DA:1071,0
DA:1074,0
DA:1077,0
DA:1080,0
DA:1082,0
DA:1084,0
DA:1085,0
DA:1086,0
DA:1088,0
DA:1091,0
DA:1093,0
DA:1095,0
DA:1096,0
DA:1097,0
DA:1099,0
DA:1102,0
DA:1104,0
DA:1106,0
DA:1107,0
DA:1108,0
DA:1110,0
DA:1113,0
DA:1116,0
LF:379
LH:6
end_of_record
SF:lib\ui\core\themes\app_colors_extension.dart
DA:5,28
DA:69,0
DA:102,0
DA:103,0
DA:104,0
DA:105,0
DA:106,0
DA:107,0
DA:108,0
DA:109,0
DA:110,0
DA:111,0
DA:112,0
DA:113,0
DA:114,0
DA:115,0
DA:116,0
DA:117,0
DA:118,0
DA:119,0
DA:120,0
DA:121,0
DA:122,0
DA:123,0
DA:124,0
DA:125,0
DA:126,0
DA:127,0
DA:128,0
DA:129,0
DA:130,0
DA:131,0
DA:132,0
DA:136,0
DA:138,0
DA:140,0
DA:144,0
DA:145,0
DA:146,0
DA:147,0
DA:148,0
DA:149,0
DA:150,0
DA:151,0
DA:152,0
DA:153,0
DA:154,0
DA:155,0
DA:156,0
DA:157,0
DA:158,0
DA:159,0
DA:160,0
DA:161,0
DA:162,0
DA:163,0
DA:164,0
DA:165,0
DA:166,0
DA:167,0
DA:168,0
DA:169,0
DA:170,0
DA:171,0
DA:172,0
DA:173,0
DA:174,0
LF:67
LH:1
end_of_record
SF:lib\ui\core\themes\app_theme.dart
DA:11,0
DA:13,0
DA:14,0
DA:15,0
DA:18,0
DA:19,0
DA:21,0
DA:22,0
DA:23,0
DA:25,0
DA:26,0
DA:27,0
DA:30,0
DA:31,0
DA:32,0
DA:34,0
DA:36,0
DA:38,0
DA:39,0
DA:42,0
DA:43,0
DA:45,0
DA:51,0
DA:52,0
DA:53,0
DA:54,0
DA:55,0
DA:58,0
DA:60,0
DA:62,84
DA:76,28
DA:86,28
DA:88,28
DA:90,28
DA:95,0
DA:96,0
DA:98,0
DA:99,0
DA:100,0
DA:102,0
DA:103,0
DA:105,0
DA:107,0
DA:108,0
DA:111,0
DA:112,0
DA:114,0
DA:120,0
DA:121,0
DA:124,0
DA:127,0
DA:128,0
DA:130,0
DA:132,0
DA:139,0
DA:140,0
DA:158,0
DA:159,0
DA:167,84
DA:171,62
LF:60
LH:7
end_of_record
SF:lib\ui\core\ui\modal_bottom_sheet_header.dart
DA:10,3
DA:12,3
DA:14,3
DA:15,12
DA:16,3
DA:17,3
DA:18,3
DA:19,3
DA:21,3
DA:24,3
DA:25,9
DA:31,6
LF:12
LH:12
end_of_record
SF:lib\ui\dashboard\widgets\session_reminder_bottom_sheet.dart
DA:16,2
DA:18,2
DA:20,2
DA:21,4
DA:23,10
DA:25,2
DA:27,2
DA:35,2
DA:36,2
DA:37,2
DA:38,4
DA:40,2
DA:41,2
DA:43,2
DA:44,2
DA:45,2
DA:49,2
DA:50,2
DA:52,2
DA:53,2
DA:54,10
DA:55,2
DA:56,2
DA:57,3
DA:73,2
DA:74,2
DA:75,8
DA:76,4
DA:77,8
DA:82,1
DA:83,1
DA:86,4
DA:87,2
DA:89,2
DA:90,2
DA:91,3
DA:92,1
DA:93,1
DA:95,1
DA:98,2
DA:104,1
DA:105,1
DA:106,1
DA:107,5
DA:111,2
DA:112,2
DA:114,2
DA:116,2
DA:117,2
DA:119,4
DA:120,6
DA:122,2
DA:123,2
DA:125,2
DA:126,2
DA:127,4
DA:130,12
LF:57
LH:57
end_of_record
SF:lib\ui\dashboard\widgets\session_reminder_utils.dart
DA:12,2
DA:14,2
DA:15,2
DA:16,2
DA:17,1
DA:18,2
DA:19,2
DA:20,2
DA:21,2
DA:22,1
DA:23,0
DA:24,1
DA:25,0
DA:26,1
DA:27,0
DA:28,1
DA:29,0
DA:30,1
DA:31,1
DA:32,1
DA:33,1
DA:37,1
DA:38,2
DA:39,1
DA:41,2
DA:42,1
DA:43,2
DA:45,0
DA:46,2
DA:49,2
DA:50,4
DA:51,1
DA:53,4
DA:54,6
DA:55,4
LF:35
LH:30
end_of_record
SF:lib\utils\session_reminder_helper.dart
DA:8,2
DA:9,2
DA:10,4
DA:13,2
DA:14,6
DA:15,2
DA:16,1
DA:19,2
DA:20,6
DA:21,2
DA:22,1
DA:25,4
DA:26,4
DA:27,2
DA:28,2
DA:31,2
DA:32,2
DA:35,2
DA:36,2
DA:39,4
DA:40,4
DA:43,10
DA:48,2
DA:49,2
DA:50,4
DA:54,2
DA:55,2
DA:56,2
DA:58,2
DA:59,4
DA:60,4
DA:61,2
DA:62,2
DA:63,2
DA:64,2
DA:65,2
DA:66,2
DA:76,2
DA:77,2
DA:78,4
DA:79,6
DA:84,2
DA:85,10
DA:86,4
DA:94,2
DA:99,2
DA:100,3
DA:102,4
DA:103,6
DA:104,6
DA:105,2
LF:51
LH:51
end_of_record
SF:lib\utils\session_utils.dart
DA:4,2
DA:5,2
DA:6,2
DA:7,6
DA:8,2
DA:9,3
DA:10,2
DA:11,1
DA:12,6
LF:9
LH:9
end_of_record
SF:lib\logic\session_progress_use_case.dart
DA:13,6
DA:16,2
DA:17,8
DA:18,2
DA:19,0
DA:20,0
DA:23,4
DA:26,1
DA:27,5
DA:31,1
DA:32,2
DA:38,0
DA:41,1
DA:42,2
DA:43,0
DA:44,0
DA:46,1
DA:49,3
DA:50,6
DA:53,3
DA:54,6
DA:55,5
LF:22
LH:17
end_of_record
SF:lib\domain\models\session_progress.dart
DA:5,1
LF:1
LH:1
end_of_record
SF:lib\ui\choose_language\widgets\choose_language_view.dart
DA:14,1
DA:16,1
DA:17,1
DA:21,1
DA:22,1
DA:26,2
DA:27,1
DA:28,1
DA:29,1
DA:31,1
DA:32,1
DA:33,3
DA:34,3
DA:35,0
DA:36,0
DA:46,1
DA:48,1
DA:49,3
DA:50,2
DA:51,3
DA:52,1
DA:53,1
DA:55,1
DA:56,4
DA:57,1
DA:59,1
DA:61,1
DA:62,2
DA:63,2
DA:67,1
DA:69,1
DA:71,1
DA:72,2
DA:73,2
DA:77,2
LF:35
LH:33
end_of_record
SF:lib\ui\choose_language\view_model\choose_language_viewmodel.dart
DA:28,2
DA:30,2
DA:31,10
DA:34,1
DA:36,1
DA:37,3
DA:38,1
DA:39,1
DA:40,3
DA:41,1
DA:43,2
DA:46,2
DA:48,2
LF:13
LH:13
end_of_record
SF:lib\ui\core\ui\base_scaffold.dart
DA:28,15
DA:30,15
DA:31,15
DA:42,15
DA:44,15
DA:45,15
DA:46,15
DA:49,15
DA:50,30
DA:51,30
DA:56,15
DA:57,75
DA:58,30
DA:59,15
DA:64,15
DA:65,15
DA:66,47
DA:67,61
DA:68,30
DA:69,30
DA:72,1
DA:73,1
DA:75,1
DA:78,4
DA:82,15
DA:83,15
DA:85,15
DA:87,15
DA:88,15
DA:89,15
DA:90,60
DA:91,60
DA:94,0
DA:99,0
DA:100,0
DA:102,0
DA:103,0
DA:104,0
DA:105,0
DA:110,15
DA:112,15
DA:114,30
LF:42
LH:35
end_of_record
SF:lib\ui\core\ui\dismissible_card.dart
DA:15,1
DA:24,1
DA:25,1
DA:26,1
DA:27,1
DA:28,1
DA:29,1
DA:30,1
DA:32,1
DA:33,1
DA:34,1
DA:35,1
DA:36,1
LF:13
LH:13
end_of_record
SF:lib\ui\core\ui\navigation_menu\navigation_menu_button.dart
DA:14,3
DA:22,3
DA:23,3
DA:33,3
DA:35,3
DA:37,6
DA:39,6
DA:41,6
DA:44,3
DA:46,6
DA:47,6
DA:48,6
DA:49,3
DA:52,3
DA:54,9
DA:56,3
DA:57,3
DA:58,3
DA:60,18
DA:62,3
DA:63,3
DA:64,3
DA:65,3
DA:67,3
DA:68,3
DA:69,3
DA:70,3
DA:71,3
DA:73,3
DA:74,3
DA:75,3
DA:77,3
DA:82,3
DA:86,3
DA:88,3
DA:89,3
DA:90,3
DA:91,3
DA:94,9
DA:95,3
DA:96,12
DA:97,3
DA:104,3
DA:105,15
DA:107,15
DA:115,3
DA:116,3
DA:117,12
DA:124,2
DA:125,6
DA:126,8
DA:127,4
DA:128,4
DA:132,3
DA:133,6
DA:134,12
DA:135,9
DA:136,6
DA:142,3
DA:145,24
DA:148,2
LF:61
LH:61
end_of_record
SF:lib\ui\core\ui\need_help_notice_dialog.dart
DA:13,2
DA:15,2
DA:16,2
DA:17,2
DA:18,4
DA:21,2
DA:22,4
DA:25,4
DA:26,4
DA:29,2
DA:30,2
DA:32,2
DA:33,2
DA:34,2
DA:35,4
DA:36,2
DA:37,2
DA:38,6
DA:41,0
DA:42,0
DA:44,4
DA:45,6
DA:49,2
DA:51,2
DA:52,2
DA:53,2
DA:54,4
DA:55,2
DA:56,2
DA:57,6
DA:60,2
DA:61,4
DA:62,6
DA:66,2
DA:68,2
DA:69,3
DA:70,2
DA:71,2
DA:72,2
DA:73,2
DA:75,4
DA:80,6
DA:84,4
LF:43
LH:41
end_of_record
SF:lib\ui\core\ui\navigation_menu\navigation_menu.dart
DA:14,2
DA:20,2
DA:22,2
DA:23,2
DA:35,2
DA:37,2
DA:39,8
DA:40,12
DA:43,2
DA:45,2
DA:47,10
DA:50,2
DA:51,2
DA:52,4
DA:53,8
DA:54,2
DA:58,2
DA:63,2
DA:64,2
DA:65,2
DA:66,2
DA:67,2
DA:68,2
DA:69,2
DA:70,2
DA:71,8
DA:79,2
DA:81,2
DA:82,8
DA:83,4
DA:86,2
DA:87,2
DA:93,2
DA:94,2
DA:95,8
DA:98,8
DA:99,2
DA:100,2
DA:101,4
DA:102,6
DA:105,2
DA:107,2
DA:108,4
DA:109,6
DA:112,0
DA:114,2
DA:115,4
DA:116,6
DA:119,0
DA:121,2
DA:122,4
DA:123,6
DA:126,2
DA:128,2
DA:129,4
DA:130,6
DA:133,2
DA:139,2
DA:140,14
DA:141,4
LF:60
LH:58
end_of_record
SF:lib\data\models\navigation_menu_callback.dart
DA:12,2
LF:1
LH:1
end_of_record
SF:lib\ui\dashboard\view_model\cards\schedule_card_viewmodel.dart
DA:24,3
DA:25,3
DA:28,3
DA:29,3
DA:32,8
DA:34,3
DA:36,3
DA:39,3
DA:41,6
DA:42,6
DA:44,3
DA:46,9
DA:47,9
DA:50,7
DA:51,5
DA:60,7
DA:61,5
DA:66,1
DA:67,1
DA:71,1
DA:73,3
DA:75,6
DA:78,1
DA:80,3
LF:24
LH:24
end_of_record
SF:lib\ui\core\ui\calendar_selector.dart
DA:23,0
DA:25,0
DA:26,0
DA:32,0
DA:34,0
DA:35,0
DA:36,0
DA:37,0
DA:38,0
DA:41,0
DA:45,0
DA:46,0
DA:47,0
DA:49,0
DA:51,0
DA:53,0
DA:55,0
DA:58,0
DA:61,0
DA:62,0
DA:63,0
DA:64,0
DA:68,0
DA:71,0
DA:73,0
DA:76,0
DA:77,0
DA:78,0
DA:80,0
DA:81,0
DA:82,0
DA:84,0
DA:85,0
DA:89,0
DA:90,0
DA:91,0
DA:96,0
DA:98,0
DA:99,0
DA:100,0
DA:101,0
DA:105,0
DA:107,0
DA:108,0
DA:109,0
DA:110,0
DA:113,0
DA:127,0
DA:128,0
DA:129,0
DA:130,0
DA:132,0
DA:137,0
DA:139,0
DA:141,0
DA:142,0
DA:143,0
DA:145,0
DA:150,0
DA:151,0
DA:153,0
DA:154,0
DA:156,0
DA:158,0
DA:160,0
LF:65
LH:0
end_of_record
SF:lib\ui\core\ui\root_view.dart
DA:31,2
DA:32,3
DA:33,0
DA:36,1
DA:38,1
DA:39,1
DA:46,1
DA:48,2
DA:49,4
DA:51,1
DA:55,3
DA:56,1
DA:57,1
DA:58,1
DA:59,1
DA:60,1
DA:61,4
DA:62,1
DA:63,1
DA:64,5
DA:65,1
DA:66,1
DA:67,1
DA:68,1
DA:71,3
DA:77,1
DA:83,3
DA:84,1
DA:90,1
DA:91,4
DA:92,0
DA:97,3
DA:98,3
DA:100,1
DA:101,2
DA:103,5
DA:104,4
DA:107,1
DA:108,1
DA:109,2
DA:110,1
DA:111,1
DA:112,2
DA:113,0
LF:44
LH:41
end_of_record
SF:lib\ui\dashboard\widgets\dashboard_view.dart
DA:16,1
DA:18,1
DA:19,1
DA:23,1
DA:25,1
DA:26,1
DA:29,1
DA:31,1
DA:32,1
DA:33,2
DA:34,1
DA:37,1
DA:38,1
DA:39,1
DA:40,1
DA:41,1
DA:42,1
DA:43,1
DA:45,1
DA:46,1
DA:47,1
DA:48,2
DA:61,1
DA:62,1
DA:63,1
DA:64,1
DA:65,1
DA:66,2
DA:67,1
DA:68,1
DA:71,3
LF:31
LH:31
end_of_record
SF:lib\ui\ets\widgets\ets_view.dart
DA:14,2
DA:16,2
DA:17,2
DA:24,2
DA:26,4
DA:27,3
DA:30,5
DA:32,1
DA:33,1
DA:34,1
DA:35,1
DA:37,1
DA:38,1
DA:39,1
DA:44,3
DA:46,1
DA:47,3
DA:48,3
DA:49,5
DA:54,2
DA:60,1
DA:61,4
LF:22
LH:22
end_of_record
SF:lib\ui\more\widgets\more_view.dart
DA:20,1
DA:22,1
DA:23,1
DA:32,1
DA:33,3
DA:34,1
DA:36,1
DA:37,1
DA:38,1
DA:39,3
DA:40,1
DA:41,4
DA:42,2
DA:43,1
DA:44,1
DA:46,1
DA:53,1
DA:55,1
DA:56,3
DA:57,1
DA:58,1
DA:59,4
DA:60,1
DA:62,1
DA:63,1
DA:64,3
DA:65,1
DA:67,1
DA:69,1
DA:70,2
DA:71,2
DA:74,1
DA:75,3
DA:77,1
DA:78,2
DA:79,1
DA:82,1
DA:83,3
DA:85,1
DA:86,2
DA:87,2
DA:90,1
DA:91,3
DA:93,1
DA:94,2
DA:95,2
DA:96,1
DA:97,2
DA:98,1
DA:100,2
DA:102,2
DA:103,1
DA:104,3
DA:105,1
DA:112,1
DA:113,1
DA:114,3
DA:116,0
DA:117,0
DA:118,0
DA:121,1
DA:122,3
DA:124,0
DA:125,0
DA:126,0
DA:129,1
DA:130,3
DA:132,1
DA:133,2
DA:134,2
DA:137,1
DA:138,3
DA:140,1
DA:141,2
DA:142,2
DA:145,1
DA:146,3
DA:148,3
DA:149,1
DA:150,2
DA:151,1
DA:152,2
DA:155,3
DA:156,1
DA:157,1
DA:158,0
DA:159,0
DA:160,0
DA:162,3
DA:164,4
LF:90
LH:81
end_of_record
SF:lib\ui\schedule\widgets\schedule_view.dart
DA:25,1
DA:27,1
DA:28,1
DA:36,1
DA:37,1
DA:38,2
DA:39,2
DA:40,1
DA:41,3
DA:44,1
DA:46,1
DA:50,1
DA:51,2
DA:52,3
DA:54,2
DA:55,3
DA:57,4
DA:60,1
DA:61,3
DA:63,1
DA:64,1
DA:66,3
DA:67,0
DA:68,0
DA:69,0
DA:71,0
DA:72,0
DA:73,0
DA:78,1
DA:79,1
DA:81,3
DA:82,1
DA:83,4
DA:84,2
DA:87,1
DA:89,3
DA:90,1
DA:91,1
DA:93,1
DA:95,4
LF:40
LH:34
end_of_record
SF:lib\ui\student\widgets\student_view.dart
DA:12,1
DA:14,1
DA:15,1
DA:21,1
DA:23,5
DA:25,1
DA:26,1
DA:27,1
DA:28,1
DA:30,1
DA:31,1
DA:32,1
DA:37,3
DA:39,1
DA:40,3
DA:41,3
DA:42,5
DA:47,3
LF:18
LH:18
end_of_record
SF:lib\ui\core\ui\titled_card.dart
DA:12,4
DA:14,4
DA:16,4
DA:18,12
DA:19,4
DA:20,12
DA:22,4
DA:23,4
DA:24,4
DA:28,4
DA:29,4
DA:34,4
LF:12
LH:12
end_of_record
SF:lib\ui\dashboard\clipper\circle_clipper.dart
DA:6,1
DA:8,1
DA:11,3
DA:15,7
DA:18,2
DA:19,1
DA:25,1
LF:7
LH:7
end_of_record
SF:lib\ui\dashboard\view_model\cards\session_reminder_card_viewmodel.dart
DA:32,2
DA:34,2
DA:36,10
DA:38,4
DA:39,4
DA:40,1
DA:41,5
DA:43,7
DA:47,1
DA:48,2
DA:49,2
DA:51,3
DA:53,1
DA:54,1
DA:55,2
DA:56,2
DA:57,1
DA:61,1
DA:62,1
DA:64,2
DA:65,2
DA:66,2
DA:67,1
DA:70,0
DA:72,0
DA:75,2
DA:77,4
DA:78,2
LF:28
LH:26
end_of_record
SF:lib\ui\dashboard\view_model\dashboard_viewmodel.dart
DA:48,0
DA:59,2
DA:61,2
DA:68,2
DA:69,4
DA:70,4
DA:72,4
DA:73,4
DA:77,4
DA:78,4
DA:82,2
DA:84,2
DA:85,2
DA:86,1
DA:87,2
DA:103,7
DA:106,3
DA:108,1
DA:109,1
DA:110,1
DA:114,1
DA:115,2
DA:117,2
DA:120,3
DA:122,2
DA:125,3
DA:127,2
DA:130,3
DA:132,1
DA:133,2
DA:135,2
DA:139,1
DA:140,4
DA:141,0
DA:142,0
DA:143,0
DA:145,0
DA:146,0
DA:147,0
DA:149,0
DA:150,0
DA:154,2
DA:157,1
DA:158,2
DA:159,1
DA:165,2
DA:167,4
DA:168,2
DA:169,2
DA:170,4
DA:171,2
DA:176,2
DA:177,4
DA:179,4
DA:180,4
DA:183,4
DA:184,4
DA:185,2
DA:187,6
DA:188,2
DA:192,1
DA:193,1
DA:197,3
DA:198,2
DA:199,2
DA:200,2
DA:201,2
DA:203,1
DA:211,2
DA:212,0
DA:213,0
DA:215,1
DA:216,1
DA:218,4
DA:222,1
DA:224,3
DA:228,2
DA:229,4
DA:231,4
DA:232,7
DA:233,4
DA:237,6
DA:238,2
DA:240,3
DA:242,2
DA:243,2
DA:244,2
DA:245,5
DA:246,2
DA:249,1
DA:251,2
DA:253,2
DA:254,2
DA:255,5
DA:256,2
DA:260,4
DA:262,1
DA:264,4
DA:267,1
DA:270,2
DA:271,4
DA:274,10
DA:276,0
DA:278,4
DA:282,2
DA:284,3
DA:285,3
DA:286,4
DA:287,2
LF:109
LH:97
end_of_record
SF:lib\ui\dashboard\widgets\cards\schedule_card.dart
DA:17,2
DA:19,2
DA:21,4
DA:23,2
DA:24,6
DA:25,2
DA:26,2
DA:27,0
DA:30,2
DA:32,2
DA:33,2
DA:34,2
DA:35,2
DA:36,6
DA:37,6
DA:40,2
DA:43,6
DA:46,2
DA:47,2
DA:48,2
DA:49,2
DA:50,6
LF:22
LH:21
end_of_record
SF:lib\ui\schedule\widgets\calendars\day_calendar.dart
DA:27,5
DA:35,5
DA:36,5
DA:42,15
DA:44,5
DA:46,5
DA:47,10
DA:49,10
DA:52,5
DA:54,10
DA:55,5
DA:58,5
DA:60,5
DA:61,15
DA:62,10
DA:63,22
DA:68,5
DA:69,15
DA:70,0
DA:71,0
DA:72,0
DA:73,0
DA:78,15
DA:79,0
DA:80,0
DA:85,10
DA:86,9
DA:89,16
DA:92,10
DA:93,5
DA:94,5
DA:95,5
DA:96,6
DA:97,21
DA:98,5
DA:101,5
DA:102,15
DA:103,0
DA:104,0
DA:105,0
DA:108,10
DA:109,5
DA:110,16
DA:111,5
DA:112,10
DA:113,10
DA:114,8
DA:115,8
DA:116,20
DA:117,5
DA:118,20
DA:121,11
DA:123,0
DA:124,0
DA:125,0
DA:127,5
DA:128,10
DA:130,2
DA:131,2
DA:138,1
DA:140,1
DA:142,1
DA:143,0
DA:144,0
DA:148,0
DA:149,0
DA:150,0
DA:154,0
DA:155,0
DA:158,1
DA:159,1
DA:160,2
DA:162,1
DA:164,5
DA:165,4
DA:171,1
DA:172,1
DA:173,3
DA:174,6
DA:175,3
DA:179,2
DA:180,2
DA:181,4
DA:183,0
DA:188,1
DA:189,1
DA:190,1
DA:192,2
DA:194,2
DA:195,3
DA:196,1
DA:197,2
DA:198,1
DA:202,2
DA:204,8
DA:205,8
DA:207,2
DA:208,2
DA:209,8
DA:210,2
DA:212,6
DA:213,2
DA:214,4
DA:216,2
DA:217,8
DA:221,2
DA:223,2
DA:224,2
DA:225,6
DA:226,0
DA:227,0
DA:228,4
DA:229,6
DA:230,4
DA:232,2
DA:233,4
DA:234,4
DA:245,2
DA:251,2
DA:252,2
DA:257,2
DA:262,2
DA:264,2
DA:265,2
DA:266,2
DA:268,2
DA:270,2
DA:271,2
DA:272,0
DA:273,0
DA:274,0
DA:275,0
DA:278,0
DA:279,0
DA:281,0
DA:284,2
DA:288,2
DA:290,2
DA:291,8
DA:292,16
DA:293,0
DA:294,0
DA:304,2
DA:305,2
DA:306,1
DA:309,1
DA:311,2
DA:314,1
DA:315,2
DA:317,1
LF:150
LH:119
end_of_record
SF:lib\ui\dashboard\widgets\layouts\dashboard_phone_layout.dart
DA:22,1
DA:24,1
DA:25,1
DA:39,1
DA:41,1
DA:42,1
DA:45,1
DA:47,1
DA:48,4
DA:49,0
DA:53,1
DA:54,3
DA:55,4
DA:59,1
DA:60,4
DA:61,4
DA:62,4
DA:65,1
DA:66,1
DA:67,1
DA:68,2
DA:69,2
DA:70,1
DA:72,1
DA:73,1
DA:75,2
DA:76,3
DA:80,1
DA:82,1
DA:87,2
DA:89,2
DA:91,1
DA:93,1
DA:94,1
DA:95,1
DA:96,3
DA:97,1
DA:98,1
DA:100,1
DA:101,3
DA:102,1
DA:103,3
DA:104,1
DA:106,1
DA:107,6
DA:108,1
DA:109,1
DA:111,1
DA:112,3
DA:125,1
DA:126,1
DA:128,1
DA:130,1
DA:132,1
DA:133,1
DA:134,3
DA:135,3
DA:136,3
DA:142,1
DA:143,3
DA:144,1
DA:145,1
DA:146,1
DA:147,3
DA:148,1
DA:149,1
DA:150,3
DA:151,6
LF:68
LH:67
end_of_record
SF:lib\ui\dashboard\widgets\grades_card.dart
DA:18,2
DA:20,2
DA:26,4
DA:27,1
DA:35,1
DA:38,2
DA:39,4
DA:40,2
DA:43,2
DA:44,6
DA:45,2
DA:47,6
DA:53,4
DA:55,2
DA:57,2
DA:58,9
DA:63,2
DA:64,14
LF:18
LH:18
end_of_record
SF:lib\ui\student\grades\widgets\grade_button.dart
DA:23,3
DA:25,3
DA:26,3
DA:27,3
DA:28,3
DA:29,3
DA:30,4
DA:31,3
DA:37,3
DA:38,6
DA:39,6
DA:40,2
DA:41,4
DA:42,2
DA:43,3
DA:44,5
DA:48,1
DA:51,3
DA:52,3
DA:55,3
DA:56,3
DA:57,3
DA:58,3
DA:59,3
DA:60,3
DA:61,15
DA:62,3
DA:63,3
DA:68,3
DA:69,3
DA:71,3
DA:73,3
DA:74,3
DA:75,6
DA:76,15
DA:88,3
DA:89,3
DA:90,3
DA:91,6
DA:92,12
LF:40
LH:40
end_of_record
SF:lib\ui\dashboard\widgets\progress_bar_card.dart
DA:20,2
DA:22,2
DA:23,2
DA:30,2
DA:32,2
DA:33,4
DA:35,4
DA:37,4
DA:38,6
DA:40,4
DA:43,1
DA:45,1
DA:46,4
DA:47,0
DA:48,0
DA:49,0
DA:50,0
DA:51,0
DA:52,0
DA:53,0
DA:57,2
DA:59,4
DA:60,2
DA:63,2
DA:64,2
DA:66,2
DA:67,6
DA:68,2
DA:70,7
DA:71,2
DA:75,2
DA:76,2
DA:77,2
DA:78,2
DA:79,2
DA:80,2
DA:81,2
DA:83,2
DA:84,2
DA:85,8
DA:91,2
DA:92,4
DA:93,2
DA:98,0
DA:103,4
DA:104,4
DA:105,2
DA:106,2
DA:107,2
DA:110,2
DA:112,2
DA:115,2
DA:116,2
DA:117,2
DA:119,2
DA:122,2
DA:123,4
DA:124,2
DA:125,4
DA:142,2
DA:144,2
DA:147,10
DA:148,8
DA:149,4
DA:150,10
DA:151,4
DA:154,2
DA:155,2
DA:156,2
DA:157,2
DA:158,2
DA:161,2
DA:162,4
DA:163,4
DA:164,6
DA:165,2
DA:166,2
DA:167,2
DA:169,4
DA:171,4
DA:174,2
LF:81
LH:73
end_of_record
SF:lib\ui\dashboard\widgets\session_reminder_card.dart
DA:38,2
DA:40,1
DA:42,1
DA:43,3
DA:44,1
DA:45,1
DA:46,1
DA:47,1
DA:48,1
DA:49,1
DA:62,2
DA:70,2
DA:71,2
DA:79,10
DA:81,2
DA:83,2
DA:84,4
DA:85,2
DA:86,1
DA:90,1
DA:92,1
DA:93,6
DA:94,0
DA:95,0
DA:96,0
DA:97,0
DA:102,0
DA:104,0
DA:105,0
DA:106,0
DA:107,0
DA:111,2
DA:113,4
DA:114,2
DA:115,2
DA:118,1
DA:119,2
DA:120,1
DA:123,2
DA:124,2
DA:125,3
DA:126,2
DA:129,1
DA:130,1
DA:131,3
DA:132,3
DA:133,6
DA:134,2
DA:139,2
DA:140,3
DA:141,2
DA:144,2
DA:146,7
DA:148,2
DA:150,2
DA:152,4
DA:153,6
DA:155,2
DA:157,2
DA:160,2
DA:161,4
DA:164,2
DA:170,2
DA:171,2
DA:173,4
DA:174,2
DA:176,2
DA:178,2
DA:180,2
DA:183,2
DA:194,4
DA:195,2
DA:196,2
DA:197,2
DA:199,6
DA:204,1
DA:205,1
DA:206,1
DA:207,1
DA:208,2
DA:209,2
DA:210,0
DA:211,1
DA:212,1
DA:213,3
DA:214,1
DA:215,3
DA:217,1
DA:218,1
DA:220,4
DA:225,3
DA:230,4
DA:233,1
DA:236,1
DA:238,1
DA:239,3
DA:241,1
DA:242,1
DA:244,1
DA:246,1
DA:247,1
DA:248,2
DA:249,1
DA:251,2
DA:252,1
DA:253,1
DA:256,2
DA:257,1
DA:258,0
DA:261,1
DA:263,1
DA:271,1
DA:272,1
DA:273,5
DA:285,1
DA:286,1
DA:288,5
DA:289,2
DA:290,1
DA:295,1
DA:296,1
DA:297,2
LF:122
LH:111
end_of_record
SF:lib\ui\ets\events\news\view_model\news_viewmodel.dart
DA:18,3
DA:20,6
DA:21,2
DA:23,2
DA:26,2
DA:28,3
DA:32,3
DA:33,12
DA:35,6
DA:38,0
DA:39,0
DA:40,0
DA:43,2
DA:45,4
DA:46,2
LF:15
LH:12
end_of_record
SF:lib\ui\ets\events\news\widgets\news_card.dart
DA:18,4
DA:20,4
DA:21,4
DA:27,4
DA:29,8
DA:30,4
DA:31,0
DA:32,4
DA:33,8
DA:34,4
DA:35,4
DA:38,4
DA:39,4
DA:41,4
DA:43,4
DA:44,36
DA:46,12
DA:56,4
DA:58,0
DA:59,0
DA:60,0
DA:61,0
DA:62,0
DA:65,0
DA:69,0
DA:73,0
DA:83,0
DA:84,0
DA:86,0
DA:88,0
DA:93,4
DA:94,16
DA:96,4
DA:99,4
DA:100,12
DA:102,20
LF:36
LH:23
end_of_record
SF:lib\ui\ets\events\news\widgets\news_card_skeleton.dart
DA:11,4
DA:13,4
DA:15,4
DA:17,4
DA:18,8
DA:19,4
DA:22,4
DA:23,4
DA:25,4
DA:27,12
DA:36,4
DA:37,4
DA:39,8
DA:43,4
DA:44,4
DA:46,4
DA:48,4
DA:49,4
DA:52,12
DA:55,4
DA:57,4
DA:58,4
DA:61,12
DA:63,4
DA:66,12
LF:25
LH:25
end_of_record
SF:lib\ui\ets\events\news\widgets\news_view.dart
DA:18,3
DA:20,2
DA:21,2
DA:30,2
DA:32,2
DA:33,4
DA:34,0
DA:35,0
DA:36,0
DA:37,0
DA:41,0
DA:42,0
DA:43,0
DA:50,2
DA:51,2
DA:52,4
DA:53,2
DA:54,2
DA:55,2
DA:56,0
DA:59,0
DA:60,0
DA:61,0
DA:66,2
DA:67,0
DA:68,2
DA:69,4
DA:70,2
DA:71,2
DA:72,2
DA:74,2
DA:75,2
DA:76,2
DA:77,2
DA:79,2
DA:80,2
DA:81,4
DA:83,2
DA:85,2
DA:90,0
DA:91,0
DA:92,0
DA:100,2
DA:101,2
DA:102,2
DA:103,2
DA:104,2
DA:105,0
DA:106,0
DA:107,0
DA:108,0
DA:109,0
DA:110,0
DA:111,0
DA:117,2
DA:119,2
DA:121,2
DA:122,4
DA:123,4
DA:124,4
DA:125,4
DA:126,0
DA:142,2
DA:143,2
DA:144,10
DA:147,2
DA:148,2
DA:149,2
DA:153,2
DA:154,4
DA:155,2
DA:157,2
DA:160,2
DA:161,2
DA:163,2
DA:164,2
DA:165,10
DA:167,2
DA:168,2
DA:170,2
DA:171,8
DA:173,8
DA:188,0
DA:189,0
DA:190,0
DA:192,0
DA:193,0
DA:195,0
DA:196,0
DA:198,0
DA:199,0
DA:203,0
DA:205,0
DA:206,0
DA:211,0
DA:212,0
DA:213,0
DA:214,0
DA:216,0
LF:99
LH:59
end_of_record
SF:lib\ui\ets\quick_links\view_model\quick_links_viewmodel.dart
DA:22,3
DA:24,3
DA:25,3
DA:27,6
DA:30,6
DA:34,6
DA:35,2
DA:37,8
DA:38,2
DA:41,3
DA:43,13
DA:46,3
DA:47,6
DA:48,9
DA:49,3
DA:52,1
DA:53,2
DA:54,2
DA:55,3
DA:56,1
DA:59,1
DA:60,2
DA:61,2
DA:62,3
DA:63,1
DA:66,1
DA:67,2
DA:68,2
DA:69,3
DA:70,1
DA:73,3
DA:75,6
DA:76,6
DA:77,6
DA:78,6
DA:79,3
LF:36
LH:36
end_of_record
SF:lib\ui\ets\quick_links\view_model\web_link_card_viewmodel.dart
DA:21,1
DA:22,4
DA:24,2
DA:25,2
DA:27,3
LF:5
LH:5
end_of_record
SF:lib\ui\ets\quick_links\widgets\quick_links_view.dart
DA:17,3
DA:19,2
DA:20,2
DA:31,2
DA:33,2
DA:35,4
DA:37,10
DA:40,2
DA:41,2
DA:42,6
DA:43,6
DA:46,2
DA:47,2
DA:48,0
DA:49,0
DA:50,0
DA:51,0
DA:52,0
DA:56,2
DA:57,2
DA:58,2
DA:59,6
DA:61,2
DA:63,0
DA:64,0
DA:72,2
DA:78,8
DA:81,4
DA:84,8
DA:87,2
DA:93,0
DA:94,5
DA:95,1
DA:96,3
DA:97,1
DA:100,0
DA:101,0
DA:102,0
DA:108,1
DA:114,1
DA:115,1
DA:117,0
DA:118,0
DA:119,0
DA:120,0
DA:123,1
DA:124,1
DA:125,1
DA:126,2
DA:128,1
DA:129,1
DA:130,2
DA:131,1
DA:132,0
DA:139,0
DA:140,0
DA:143,0
DA:144,0
DA:146,0
DA:147,0
DA:148,0
DA:149,0
DA:150,0
DA:157,0
DA:158,0
DA:161,0
DA:162,0
DA:164,0
DA:165,0
DA:166,0
DA:167,0
DA:168,0
DA:175,2
DA:177,4
DA:178,2
LF:75
LH:41
end_of_record
SF:lib\ui\ets\quick_links\widgets\web_link_card.dart
DA:15,2
DA:17,2
DA:18,2
DA:19,4
DA:20,2
DA:21,2
DA:23,2
DA:25,2
DA:27,0
DA:28,2
DA:29,2
DA:31,2
DA:32,2
DA:33,6
DA:34,2
DA:36,6
LF:16
LH:15
end_of_record
SF:lib\ui\more\view_model\more_viewmodel.dart
DA:47,2
DA:49,2
DA:51,1
DA:54,1
DA:55,1
DA:56,0
DA:58,0
DA:60,0
DA:65,1
DA:67,3
DA:71,1
DA:72,1
DA:75,2
DA:76,3
DA:78,2
DA:79,1
DA:80,1
DA:83,2
DA:85,2
DA:86,2
DA:89,3
DA:90,3
DA:91,3
DA:93,1
DA:96,1
DA:97,2
DA:98,2
DA:100,1
DA:101,1
DA:102,2
DA:106,0
DA:107,0
DA:108,0
DA:109,0
DA:113,3
LF:35
LH:28
end_of_record
SF:lib\ui\schedule\view_model\calendars\calendar_viewmodel.dart
DA:25,10
DA:27,8
DA:29,8
DA:30,24
DA:31,8
DA:34,9
DA:35,35
DA:42,1
DA:43,1
DA:44,2
DA:45,3
DA:46,2
DA:47,1
DA:50,0
DA:52,0
LF:15
LH:13
end_of_record
SF:lib\ui\schedule\view_model\calendars\day_viewmodel.dart
DA:15,6
DA:17,1
DA:19,4
DA:22,3
DA:25,3
DA:29,4
DA:31,8
DA:32,8
DA:35,5
DA:36,5
DA:39,15
DA:40,15
DA:41,10
DA:46,5
DA:47,10
DA:50,5
DA:54,12
DA:55,2
DA:58,3
DA:59,6
DA:62,3
DA:66,6
DA:67,1
LF:23
LH:23
end_of_record
SF:lib\ui\schedule\view_model\calendars\month_viewmodel.dart
DA:13,3
DA:15,1
DA:18,1
DA:19,2
DA:22,3
DA:25,3
DA:26,3
DA:28,3
DA:29,3
DA:30,12
DA:31,12
DA:34,6
DA:35,6
DA:36,6
DA:43,2
DA:45,4
DA:46,4
DA:49,6
DA:50,1
LF:19
LH:19
end_of_record
SF:lib\ui\schedule\view_model\calendars\week_viewmodel.dart
DA:23,3
DA:25,3
DA:27,6
DA:29,6
DA:30,3
DA:31,9
DA:32,0
DA:33,0
DA:34,0
DA:35,0
DA:39,12
DA:40,15
DA:42,6
DA:43,9
DA:46,1
DA:48,2
DA:49,3
DA:50,0
DA:51,0
DA:54,2
DA:57,3
DA:58,1
DA:63,3
DA:64,3
DA:67,9
DA:68,9
DA:69,3
DA:70,3
DA:71,1
LF:29
LH:23
end_of_record
SF:lib\ui\schedule\view_model\schedule_settings_viewmodel.dart
DA:18,3
DA:29,12
DA:31,2
DA:32,6
DA:33,6
DA:36,12
DA:38,2
DA:39,2
DA:40,6
DA:41,6
DA:42,2
DA:45,8
DA:47,2
DA:48,2
DA:49,6
DA:50,6
DA:51,2
DA:57,6
DA:61,4
DA:65,0
DA:66,0
DA:68,0
DA:69,0
DA:71,0
DA:72,0
DA:74,0
DA:75,0
DA:78,3
DA:80,3
DA:81,6
DA:82,6
DA:83,5
DA:84,8
DA:86,6
DA:87,8
DA:90,6
DA:91,2
DA:92,2
DA:98,12
DA:101,8
DA:102,6
DA:104,6
DA:105,6
DA:108,4
DA:112,3
LF:45
LH:37
end_of_record
SF:lib\ui\schedule\view_model\schedule_viewmodel.dart
DA:12,8
DA:13,8
DA:14,8
LF:3
LH:3
end_of_record
SF:lib\ui\schedule\widgets\tiles\calendar_event_tile.dart
DA:21,3
DA:23,3
DA:24,3
DA:28,0
DA:29,0
DA:30,0
DA:31,0
DA:32,0
DA:33,0
DA:35,0
DA:36,0
DA:38,0
DA:39,0
DA:40,0
DA:43,0
DA:46,0
DA:47,0
DA:48,0
DA:49,0
DA:50,0
DA:51,0
DA:54,0
DA:55,0
DA:62,0
DA:65,0
DA:67,0
DA:70,0
DA:71,0
DA:72,0
DA:74,0
DA:78,0
DA:79,0
DA:81,0
DA:93,0
DA:94,0
DA:96,0
DA:97,0
DA:98,0
DA:103,3
DA:105,3
DA:106,3
DA:107,3
DA:108,3
DA:109,3
DA:111,4
DA:113,12
DA:115,9
DA:118,0
DA:119,0
DA:121,0
DA:122,0
DA:123,0
DA:124,0
DA:125,0
DA:126,0
DA:127,0
DA:128,0
DA:132,0
DA:140,3
DA:141,9
DA:143,3
DA:144,3
DA:145,3
DA:146,3
DA:149,3
DA:150,3
DA:151,4
DA:152,3
DA:153,3
DA:154,3
DA:155,3
DA:157,3
DA:158,9
DA:162,6
DA:168,3
DA:169,3
DA:170,6
DA:171,3
DA:174,15
DA:175,6
LF:80
LH:34
end_of_record
SF:lib\ui\schedule\widgets\tiles\listview_event_tile.dart
DA:15,2
DA:19,1
DA:21,1
DA:22,1
DA:24,1
DA:25,1
DA:27,6
DA:28,6
DA:29,7
DA:33,2
DA:35,1
DA:38,1
DA:39,1
DA:42,1
DA:43,8
DA:44,8
DA:47,4
LF:17
LH:17
end_of_record
SF:lib\ui\schedule\widgets\calendars\month_calendar.dart
DA:19,6
DA:22,2
DA:24,2
DA:25,2
DA:31,2
DA:33,2
DA:34,6
DA:35,4
DA:39,2
DA:40,7
DA:41,1
DA:42,8
DA:45,6
DA:46,0
DA:47,0
DA:50,2
DA:51,2
DA:53,6
DA:54,6
DA:56,8
DA:57,0
DA:58,4
DA:61,10
DA:62,6
DA:63,6
DA:65,2
DA:66,4
DA:67,20
DA:69,2
DA:70,8
DA:71,10
DA:72,10
DA:75,10
DA:76,4
DA:77,0
DA:79,8
DA:81,6
DA:83,8
DA:85,10
DA:87,2
DA:91,1
DA:92,1
DA:95,2
DA:97,1
DA:102,2
DA:103,1
DA:104,2
DA:105,2
DA:107,1
DA:108,1
DA:109,1
DA:110,1
DA:111,4
DA:112,3
DA:115,1
DA:116,3
LF:56
LH:52
end_of_record
SF:lib\ui\schedule\widgets\calendars\week_calendar.dart
DA:20,6
DA:23,2
DA:25,2
DA:26,2
DA:32,2
DA:34,10
DA:36,2
DA:37,6
DA:38,4
DA:42,2
DA:43,4
DA:45,2
DA:46,0
DA:47,0
DA:50,6
DA:51,0
DA:53,0
DA:56,6
DA:57,0
DA:58,0
DA:61,2
DA:62,2
DA:63,10
DA:64,6
DA:65,0
DA:66,0
DA:68,4
DA:69,6
DA:71,2
DA:72,8
DA:73,10
DA:74,10
DA:77,2
DA:78,3
DA:79,2
DA:80,2
DA:81,2
DA:82,2
DA:83,2
DA:84,3
DA:86,2
DA:88,4
DA:89,8
DA:90,10
DA:92,2
DA:93,4
DA:95,2
DA:96,4
DA:97,4
DA:98,4
DA:99,14
DA:101,2
DA:102,2
DA:103,10
DA:107,2
DA:108,2
DA:109,2
DA:110,2
DA:111,2
DA:113,2
DA:114,8
DA:115,6
DA:117,2
DA:119,2
DA:120,6
DA:123,2
DA:124,10
DA:125,8
DA:126,6
DA:135,1
DA:136,1
DA:137,2
DA:139,0
LF:73
LH:64
end_of_record
SF:lib\ui\schedule\widgets\schedule_settings.dart
DA:18,2
DA:20,2
DA:21,2
DA:27,2
DA:28,2
DA:29,8
DA:30,2
DA:31,2
DA:33,2
DA:40,2
DA:41,2
DA:42,2
DA:43,2
DA:44,8
DA:45,2
DA:46,2
DA:48,2
DA:51,2
DA:52,6
DA:53,4
DA:59,2
DA:60,6
DA:61,8
DA:62,2
DA:63,2
DA:65,2
DA:66,4
DA:67,6
DA:72,2
DA:73,2
DA:74,4
DA:77,2
DA:78,2
DA:81,2
DA:93,2
DA:94,2
DA:96,4
DA:98,4
DA:99,2
DA:105,1
DA:106,1
DA:107,1
DA:108,2
DA:109,4
DA:114,3
DA:115,1
DA:116,1
DA:118,1
DA:119,9
DA:125,1
DA:127,1
DA:128,1
DA:129,3
DA:130,2
DA:131,1
DA:133,0
DA:137,2
DA:138,4
DA:139,1
DA:140,1
DA:141,3
DA:142,4
DA:143,1
DA:145,0
DA:151,2
DA:154,1
DA:155,1
DA:157,1
DA:162,1
DA:163,1
DA:164,3
DA:165,1
DA:166,3
DA:172,4
DA:173,2
DA:174,2
DA:175,2
DA:176,2
DA:179,2
DA:180,6
DA:181,4
DA:186,2
DA:187,1
DA:188,1
DA:189,2
DA:192,6
DA:195,2
DA:196,2
DA:198,4
DA:199,2
DA:200,2
DA:201,4
DA:202,4
DA:203,2
DA:205,4
DA:210,2
DA:212,2
DA:213,2
DA:214,4
DA:215,8
DA:219,5
DA:222,2
DA:223,2
DA:225,2
DA:230,2
DA:232,2
DA:233,4
DA:234,2
DA:235,4
DA:236,2
DA:237,4
LF:111
LH:109
end_of_record
SF:lib\ui\student\grades\view_model\grades_viewmodel.dart
DA:26,3
DA:28,3
DA:31,6
DA:32,3
DA:33,3
DA:34,6
DA:35,6
DA:37,9
DA:40,1
DA:42,3
DA:44,3
DA:47,1
DA:49,3
DA:53,1
DA:55,2
DA:56,2
DA:57,3
DA:59,1
DA:60,1
DA:61,1
DA:66,3
DA:67,5
DA:68,4
DA:69,2
DA:70,2
DA:72,10
DA:74,2
DA:75,6
DA:78,2
DA:79,6
DA:80,2
DA:85,8
DA:86,2
DA:89,2
DA:91,2
DA:92,1
DA:95,4
DA:96,4
DA:98,2
DA:100,2
DA:101,12
DA:105,2
LF:42
LH:42
end_of_record
SF:lib\ui\student\grades\widgets\grades_view.dart
DA:20,2
DA:22,2
DA:23,2
DA:30,2
DA:32,2
DA:33,6
DA:34,2
DA:35,2
DA:36,0
DA:37,2
DA:38,2
DA:41,2
DA:42,4
DA:43,2
DA:44,2
DA:45,4
DA:47,6
DA:51,1
DA:53,2
DA:54,2
DA:56,4
DA:57,4
DA:61,6
DA:71,2
DA:73,1
DA:75,1
DA:76,1
DA:78,1
DA:79,1
DA:80,1
DA:81,2
DA:82,3
DA:83,0
DA:84,0
DA:89,5
LF:35
LH:32
end_of_record
SF:lib\utils\loading.dart
DA:4,6
DA:5,3
DA:7,0
DA:8,3
LF:4
LH:3
end_of_record
SF:lib\ui\student\profile\view_model\profile_viewmodel.dart
DA:36,2
DA:37,4
DA:40,2
DA:42,2
DA:43,2
DA:46,4
DA:47,2
DA:48,4
DA:49,2
DA:52,6
DA:53,6
DA:54,6
DA:60,1
DA:61,3
DA:69,2
DA:70,2
DA:71,2
DA:72,8
DA:73,2
DA:79,12
DA:80,2
DA:81,2
DA:86,5
DA:87,1
DA:88,1
DA:89,1
DA:93,1
DA:94,1
DA:98,7
DA:99,1
DA:100,1
DA:104,2
DA:107,1
DA:109,3
DA:113,2
DA:114,4
DA:115,4
DA:117,4
DA:118,6
DA:121,12
DA:122,12
DA:124,2
DA:129,2
DA:132,4
DA:133,4
DA:135,4
DA:137,4
DA:138,4
DA:140,1
DA:142,4
DA:144,3
DA:147,1
DA:149,2
DA:150,3
DA:151,5
DA:152,2
DA:153,1
DA:156,0
DA:157,0
LF:59
LH:57
end_of_record
SF:lib\ui\student\profile\widgets\profile_view.dart
DA:21,2
DA:23,1
DA:24,1
DA:30,1
DA:32,1
DA:34,2
DA:37,1
DA:38,1
DA:39,3
DA:40,1
DA:41,1
DA:42,0
DA:43,1
DA:44,1
DA:45,1
DA:46,1
DA:47,1
DA:49,1
DA:52,1
DA:61,2
DA:62,1
DA:63,2
DA:64,1
DA:65,1
DA:66,1
DA:67,1
DA:69,1
DA:70,2
DA:71,2
DA:75,1
DA:76,1
DA:78,1
DA:79,1
DA:81,1
DA:89,2
DA:91,1
DA:92,1
DA:93,1
DA:95,1
DA:96,2
DA:102,1
DA:103,1
DA:104,4
DA:105,3
DA:112,1
DA:114,2
DA:115,2
DA:118,1
DA:119,1
DA:120,1
DA:122,1
DA:123,1
DA:125,1
DA:126,5
DA:130,1
DA:132,1
DA:140,1
DA:141,1
DA:142,1
DA:144,1
DA:146,1
DA:147,1
DA:148,1
DA:149,4
DA:150,1
DA:152,5
DA:154,1
DA:156,1
DA:157,1
DA:159,3
DA:161,4
DA:165,1
DA:166,0
DA:167,0
DA:168,0
DA:170,0
DA:172,1
DA:174,1
DA:175,1
DA:177,3
DA:179,4
DA:189,1
DA:190,2
DA:193,1
DA:194,5
DA:197,1
DA:198,4
DA:199,1
DA:201,1
DA:202,1
DA:204,3
DA:206,1
DA:208,2
DA:215,1
DA:216,1
DA:217,2
DA:218,2
DA:219,2
DA:220,2
DA:221,2
DA:222,2
DA:223,2
DA:224,2
DA:227,1
DA:228,1
DA:229,1
DA:230,1
DA:231,1
DA:232,1
DA:233,1
DA:234,1
DA:235,1
DA:238,1
DA:240,1
DA:241,1
DA:243,1
DA:244,1
DA:248,3
DA:249,1
DA:251,1
DA:253,5
DA:261,1
DA:262,8
LF:123
LH:118
end_of_record
SF:lib\ui\student\profile\widgets\program_completion.dart
DA:12,1
DA:14,1
DA:16,1
DA:17,1
DA:18,1
DA:19,1
DA:21,3
DA:23,1
DA:24,1
DA:26,1
DA:28,1
DA:29,1
DA:30,4
DA:32,2
DA:34,1
DA:38,1
DA:39,4
DA:43,1
DA:44,3
DA:45,2
DA:46,1
LF:21
LH:21
end_of_record
SF:lib\ui\student\widgets\student_program.dart
DA:15,2
DA:17,2
DA:18,2
DA:26,2
DA:28,2
DA:30,4
DA:32,10
DA:35,2
DA:37,4
DA:38,2
DA:41,2
DA:43,2
DA:44,4
DA:45,4
DA:46,4
DA:47,4
DA:48,4
DA:49,4
DA:50,4
DA:51,4
DA:54,2
DA:55,6
DA:56,6
DA:57,6
DA:58,6
DA:59,6
DA:60,6
DA:61,6
DA:62,6
DA:65,2
DA:66,4
DA:69,4
DA:71,2
DA:72,1
DA:73,2
DA:74,2
DA:76,1
DA:77,2
DA:79,0
DA:83,18
DA:84,2
DA:86,2
DA:87,2
DA:88,2
DA:89,2
DA:90,4
DA:97,2
DA:98,2
DA:100,6
DA:101,2
DA:103,2
DA:105,10
LF:52
LH:51
end_of_record
SF:lib\ui\ets\events\author\view_model\author_viewmodel.dart
DA:22,4
DA:28,2
DA:30,1
DA:32,2
DA:33,1
DA:34,1
DA:35,1
DA:37,1
DA:41,1
DA:42,3
DA:44,2
DA:47,2
DA:48,2
DA:50,8
DA:51,2
DA:53,2
DA:57,0
DA:59,0
DA:61,0
DA:62,0
DA:63,0
DA:64,0
DA:69,1
DA:71,2
DA:72,1
LF:25
LH:19
end_of_record
SF:lib\ui\ets\events\author\widgets\author_info_skeleton.dart
DA:13,2
DA:15,2
DA:17,2
DA:18,4
DA:19,2
DA:21,2
DA:23,2
DA:24,2
DA:26,2
DA:27,2
DA:28,2
DA:30,2
DA:32,2
DA:42,2
DA:43,2
DA:44,2
DA:47,6
DA:52,2
DA:53,2
DA:54,2
DA:55,2
DA:56,2
DA:59,2
DA:64,2
DA:65,2
DA:67,2
DA:68,4
DA:69,0
DA:70,8
DA:77,1
DA:79,1
DA:81,1
DA:83,1
DA:85,1
DA:88,1
DA:89,3
LF:36
LH:35
end_of_record
SF:lib\ui\ets\events\author\widgets\author_view.dart
DA:24,1
DA:26,1
DA:27,1
DA:34,1
DA:35,1
DA:36,5
DA:37,1
DA:38,1
DA:40,2
DA:41,1
DA:42,0
DA:43,1
DA:44,2
DA:45,1
DA:47,1
DA:49,1
DA:50,7
DA:51,1
DA:52,1
DA:53,1
DA:54,1
DA:55,1
DA:56,0
DA:57,0
DA:58,0
DA:59,0
DA:60,0
DA:61,0
DA:62,0
DA:68,1
DA:71,1
DA:72,2
DA:73,2
DA:74,2
DA:75,2
DA:76,0
DA:92,1
DA:93,1
DA:95,3
DA:96,0
DA:100,1
DA:101,2
DA:103,1
DA:105,1
DA:107,1
DA:108,3
DA:109,3
DA:110,3
DA:111,3
DA:112,3
DA:113,3
DA:114,3
DA:115,3
DA:119,1
DA:121,1
DA:122,1
DA:123,1
DA:125,1
DA:126,4
DA:127,2
DA:128,1
DA:129,1
DA:131,1
DA:132,1
DA:133,1
DA:134,2
DA:135,4
DA:136,3
DA:137,1
DA:138,1
DA:139,5
DA:142,3
DA:143,1
DA:144,1
DA:145,3
DA:146,1
DA:147,1
DA:148,1
DA:155,2
DA:158,5
DA:159,1
DA:160,1
DA:161,2
DA:163,5
DA:174,1
DA:175,1
DA:176,0
DA:177,3
DA:180,1
DA:181,1
DA:182,1
DA:183,1
DA:185,1
DA:187,1
DA:190,1
DA:192,1
DA:193,4
DA:194,1
DA:196,1
DA:197,5
DA:198,1
DA:199,1
DA:200,1
DA:201,2
DA:203,1
DA:204,1
DA:205,1
DA:206,3
DA:207,5
DA:213,5
DA:214,0
DA:215,0
DA:216,0
DA:217,0
DA:229,1
DA:230,1
DA:231,5
DA:234,1
DA:235,1
DA:236,1
DA:240,1
DA:241,2
DA:242,1
DA:244,1
DA:247,1
DA:248,1
DA:250,1
DA:251,1
DA:252,5
DA:254,1
DA:255,1
DA:257,1
DA:258,4
DA:260,4
DA:275,0
DA:276,0
DA:277,0
DA:279,0
DA:280,0
DA:282,0
DA:283,0
DA:285,0
DA:286,0
DA:290,0
DA:292,0
DA:293,0
DA:298,0
DA:299,0
DA:300,0
DA:301,0
DA:303,0
LF:151
LH:119
end_of_record
SF:lib\ui\ets\events\social\widgets\social_links_card.dart
DA:17,1
DA:19,1
DA:20,1
DA:24,1
DA:25,1
DA:26,2
DA:27,1
DA:28,1
DA:29,1
DA:30,1
DA:31,3
DA:34,1
DA:35,1
DA:36,3
DA:37,1
DA:38,3
DA:46,1
DA:47,1
DA:48,1
DA:49,3
DA:52,1
DA:53,1
DA:55,1
DA:58,1
DA:59,3
DA:60,2
DA:68,1
DA:69,1
DA:70,3
DA:71,4
DA:72,1
DA:73,1
DA:75,1
DA:76,2
DA:77,3
DA:85,1
DA:87,1
DA:99,1
DA:100,6
DA:103,1
DA:106,2
DA:107,1
DA:108,1
DA:112,1
DA:113,3
DA:114,1
DA:116,5
DA:118,2
DA:121,1
DA:123,1
DA:127,1
DA:128,1
DA:129,1
DA:130,4
DA:131,0
LF:55
LH:54
end_of_record
SF:lib\ui\ets\events\social\models\social_link.dart
DA:8,1
DA:9,4
LF:2
LH:2
end_of_record
SF:lib\ui\ets\events\news_details\view_model\news_details_viewmodel.dart
DA:14,2
DA:20,2
DA:22,4
DA:25,2
DA:26,4
DA:27,8
DA:29,4
LF:7
LH:7
end_of_record
SF:lib\ui\ets\events\news_details\widgets\news_details_view.dart
DA:33,1
DA:35,1
DA:36,1
DA:46,1
DA:48,1
DA:50,2
DA:53,1
DA:54,1
DA:55,4
DA:56,2
DA:57,1
DA:59,1
DA:60,1
DA:61,1
DA:62,1
DA:63,1
DA:64,3
DA:67,1
DA:69,1
DA:70,2
DA:71,0
DA:73,1
DA:74,2
DA:75,4
DA:76,1
DA:81,1
DA:82,1
DA:85,2
DA:86,3
DA:88,0
DA:89,0
DA:90,0
DA:92,0
DA:94,0
DA:97,0
DA:99,0
DA:101,0
DA:104,0
DA:106,0
DA:107,0
DA:112,0
DA:113,0
DA:122,1
DA:123,1
DA:125,1
DA:126,4
DA:127,1
DA:129,3
DA:130,3
DA:131,3
DA:133,3
DA:134,1
DA:135,4
DA:136,4
DA:137,4
DA:138,4
DA:140,4
DA:147,1
DA:153,0
DA:155,0
DA:156,0
DA:157,0
DA:159,0
DA:160,0
DA:161,0
DA:162,0
DA:163,0
DA:164,0
DA:166,0
DA:167,0
DA:168,0
DA:171,0
DA:172,0
DA:173,0
DA:177,0
DA:182,1
DA:183,1
DA:184,1
DA:186,1
DA:187,2
DA:191,1
DA:192,1
DA:194,1
DA:196,5
DA:197,5
DA:205,1
DA:207,1
DA:208,2
DA:209,1
DA:211,0
DA:212,0
DA:214,0
DA:218,0
DA:229,1
DA:230,1
DA:231,4
DA:232,1
DA:233,1
DA:234,0
DA:235,1
DA:237,1
DA:239,4
DA:240,1
DA:241,0
DA:242,0
DA:243,0
DA:246,0
DA:247,0
DA:248,0
DA:249,0
DA:250,0
DA:256,1
DA:258,1
DA:259,1
DA:260,1
DA:261,1
DA:262,6
DA:270,1
DA:272,2
DA:274,1
DA:276,1
DA:277,0
DA:278,5
DA:285,1
DA:286,2
DA:287,2
DA:292,6
DA:293,3
DA:296,2
DA:300,0
DA:303,0
DA:307,1
DA:309,1
DA:311,1
DA:312,1
DA:314,1
DA:315,6
DA:319,1
DA:320,1
DA:322,1
DA:323,1
DA:325,4
DA:326,5
DA:328,1
DA:329,1
DA:331,1
DA:333,1
DA:334,1
DA:335,2
DA:336,4
DA:339,1
DA:341,5
DA:356,1
DA:357,1
DA:359,1
DA:361,1
DA:362,1
DA:365,1
DA:366,4
DA:367,2
DA:369,1
DA:370,6
DA:371,1
DA:373,1
DA:374,5
DA:375,2
DA:387,1
DA:389,0
DA:391,0
LF:169
LH:120
end_of_record
SF:lib\ui\ets\events\news_details\view_model\calendar_selection_viewmodel.dart
DA:25,0
DA:27,0
DA:28,0
DA:31,0
DA:32,0
DA:33,0
DA:34,0
DA:35,0
DA:37,0
DA:40,0
DA:41,0
DA:42,0
DA:45,0
DA:47,0
DA:48,0
DA:50,0
DA:54,0
DA:55,0
DA:57,0
DA:59,0
DA:64,0
DA:65,0
DA:67,0
DA:69,0
DA:74,0
DA:75,0
LF:26
LH:0
end_of_record
SF:lib\ui\ets\events\report_news\widgets\report_news_widget.dart
DA:19,0
DA:21,0
DA:22,0
DA:30,0
DA:31,0
DA:32,0
DA:33,0
DA:35,0
DA:36,0
DA:37,0
DA:38,0
DA:39,0
DA:40,0
DA:41,0
DA:42,0
DA:43,0
DA:44,0
DA:45,0
DA:46,0
DA:47,0
DA:48,0
DA:58,0
DA:59,0
DA:60,0
DA:61,0
DA:64,0
DA:65,0
DA:67,0
DA:70,0
DA:71,0
DA:72,0
DA:80,0
DA:81,0
DA:82,0
DA:83,0
DA:84,0
DA:85,0
DA:87,0
DA:93,0
DA:94,0
DA:95,0
DA:97,0
DA:99,0
DA:100,0
DA:101,0
DA:104,0
DA:105,0
DA:106,0
DA:107,0
DA:115,0
DA:116,0
DA:117,0
DA:119,0
DA:121,0
DA:123,0
DA:124,0
DA:126,0
DA:127,0
DA:128,0
DA:129,0
DA:130,0
DA:131,0
DA:132,0
DA:137,0
DA:138,0
DA:139,0
DA:142,0
DA:143,0
DA:144,0
DA:145,0
DA:149,0
DA:151,0
DA:152,0
DA:154,0
DA:158,0
DA:159,0
DA:160,0
DA:161,0
DA:162,0
DA:165,0
DA:166,0
DA:167,0
DA:168,0
DA:169,0
LF:84
LH:0
end_of_record
SF:lib\utils\utils.dart
DA:8,2
DA:13,4
DA:17,8
DA:20,0
DA:21,0
DA:24,2
DA:31,4
DA:34,2
DA:35,6
LF:9
LH:7
end_of_record
SF:lib\ui\ets\events\report_news\view_model\report_news.dart
DA:8,0
DA:9,0
DA:10,0
DA:11,0
DA:12,0
DA:15,0
DA:16,0
DA:17,0
DA:20,0
DA:21,0
DA:22,0
DA:25,0
DA:26,0
DA:27,0
LF:14
LH:0
end_of_record
SF:lib\ui\ets\events\report_news\view_model\report_news_viewmodel.dart
DA:12,0
DA:13,0
DA:14,0
LF:3
LH:0
end_of_record
SF:lib\ui\ets\quick_links\security_info\widgets\emergency_view.dart
DA:19,1
DA:21,1
DA:22,1
DA:28,1
DA:29,1
DA:30,4
DA:32,1
DA:33,0
DA:35,0
DA:37,0
DA:40,1
DA:41,2
DA:42,2
DA:44,2
DA:47,1
DA:48,4
DA:49,1
DA:50,1
DA:51,1
DA:54,1
DA:55,1
DA:57,2
LF:22
LH:19
end_of_record
SF:lib\data\models\emergency_procedures.dart
DA:5,2
DA:6,1
DA:7,1
DA:8,2
DA:10,1
DA:11,1
DA:12,2
DA:14,1
DA:15,1
DA:16,2
DA:18,4
DA:19,4
DA:20,1
DA:21,1
DA:22,2
DA:24,1
DA:25,1
DA:26,2
DA:28,1
DA:29,1
DA:30,2
DA:32,1
DA:33,1
DA:34,2
DA:36,1
DA:37,1
DA:38,2
LF:27
LH:27
end_of_record
SF:lib\ui\ets\quick_links\security_info\widgets\security_view.dart
DA:19,1
DA:21,1
DA:22,1
DA:28,1
DA:29,1
DA:30,3
DA:31,2
DA:32,4
DA:33,1
DA:36,1
DA:38,5
DA:44,2
DA:45,1
DA:46,1
DA:48,1
DA:49,3
DA:50,1
DA:51,4
DA:52,1
DA:59,2
DA:61,1
DA:62,1
DA:63,3
DA:66,1
DA:67,1
DA:69,0
DA:71,0
DA:73,0
DA:76,1
DA:78,4
DA:79,4
DA:83,1
DA:86,1
DA:88,4
DA:89,4
DA:95,2
DA:96,1
DA:98,1
DA:99,1
DA:100,3
DA:103,4
DA:104,1
DA:105,1
DA:107,0
DA:108,0
DA:109,0
DA:110,0
DA:111,0
DA:114,1
DA:116,1
DA:117,1
DA:119,4
LF:52
LH:44
end_of_record
SF:lib\data\models\emergency_procedure.dart
DA:5,1
LF:1
LH:1
end_of_record
SF:lib\ui\ets\quick_links\security_info\view_model\security_viewmodel.dart
DA:19,2
DA:22,0
DA:23,0
DA:27,0
DA:28,0
DA:29,0
DA:31,0
DA:33,0
LF:8
LH:1
end_of_record
SF:lib\ui\more\faq\view_model\faq_viewmodel.dart
DA:18,1
DA:19,2
DA:22,0
DA:23,0
DA:26,0
DA:29,0
DA:30,0
DA:33,0
LF:8
LH:2
end_of_record
SF:lib\ui\more\about\widgets\about_view.dart
DA:16,1
DA:18,1
DA:19,1
DA:28,1
DA:29,2
DA:30,2
DA:34,1
DA:36,1
DA:37,2
DA:38,2
DA:39,3
DA:40,1
DA:41,2
DA:42,1
DA:48,1
DA:50,2
DA:51,1
DA:54,1
DA:56,1
DA:58,1
DA:59,1
DA:60,3
DA:64,1
DA:65,1
DA:66,1
DA:67,6
DA:71,1
DA:72,4
DA:73,4
DA:76,1
DA:78,5
DA:79,5
DA:84,1
DA:88,1
DA:89,1
DA:90,1
DA:91,1
DA:93,1
DA:94,2
DA:95,2
DA:98,1
DA:100,1
DA:102,1
DA:103,1
DA:104,2
DA:105,2
DA:106,0
DA:108,1
DA:109,2
DA:110,2
DA:111,0
DA:113,1
DA:114,2
DA:115,2
DA:116,0
DA:118,1
DA:119,2
DA:120,2
DA:121,0
DA:123,1
DA:124,2
DA:125,2
DA:126,0
DA:131,1
DA:132,1
DA:134,1
DA:137,2
DA:148,1
DA:149,1
DA:150,1
DA:158,1
DA:160,1
DA:161,5
DA:162,1
DA:163,1
DA:164,3
DA:167,1
DA:168,3
DA:170,1
DA:171,3
DA:173,1
DA:176,1
DA:177,2
DA:179,1
DA:183,1
DA:184,1
DA:187,2
LF:87
LH:82
end_of_record
SF:lib\ui\more\faq\widgets\faq_view.dart
DA:17,1
DA:19,1
DA:20,1
DA:24,1
DA:25,1
DA:26,2
DA:27,1
DA:28,1
DA:29,4
DA:30,3
DA:31,0
DA:33,0
DA:34,0
DA:35,0
DA:36,0
DA:37,0
DA:40,1
DA:42,1
DA:43,1
DA:44,6
DA:46,1
DA:47,1
DA:48,1
DA:49,3
DA:50,2
DA:60,2
DA:61,1
DA:62,5
DA:65,2
DA:66,1
DA:67,1
DA:68,1
DA:69,3
DA:70,3
DA:72,1
DA:73,3
DA:74,3
DA:79,2
DA:81,1
DA:83,1
DA:86,1
DA:87,6
DA:88,5
DA:94,2
DA:95,1
DA:97,1
DA:98,1
DA:99,3
DA:100,3
DA:104,0
DA:106,1
DA:107,3
DA:108,3
DA:112,0
DA:114,1
DA:115,3
DA:116,3
DA:120,2
DA:121,1
DA:122,1
DA:123,1
DA:124,0
DA:125,0
LF:63
LH:53
end_of_record
SF:lib\ui\core\ui\carousel.dart
DA:9,1
DA:14,1
DA:15,1
DA:21,0
DA:23,0
DA:25,0
DA:28,1
DA:30,1
DA:31,2
DA:32,2
DA:33,1
DA:34,3
DA:37,1
DA:38,2
DA:39,2
DA:40,1
DA:41,3
DA:42,1
DA:45,1
DA:46,3
DA:47,1
DA:51,1
DA:54,1
DA:55,2
DA:71,1
DA:76,1
DA:78,3
DA:81,0
DA:84,0
DA:85,0
DA:90,1
DA:93,1
DA:97,2
DA:99,0
DA:100,0
DA:101,0
DA:102,0
DA:107,2
DA:109,0
DA:110,0
DA:111,0
DA:112,0
DA:115,1
DA:117,1
DA:118,1
DA:119,2
DA:120,2
DA:122,2
DA:127,4
DA:128,4
DA:130,7
DA:132,3
DA:133,2
DA:135,0
DA:141,2
DA:145,1
DA:147,2
DA:150,1
DA:152,2
DA:157,1
DA:159,1
DA:163,2
DA:165,1
DA:166,2
DA:167,1
DA:168,1
DA:171,1
DA:173,1
DA:175,5
LF:69
LH:54
end_of_record
SF:lib\ui\more\faq\widgets\action_card.dart
DA:12,1
DA:22,1
DA:24,1
DA:26,1
DA:27,1
DA:28,1
DA:29,1
DA:30,1
DA:32,1
DA:34,1
DA:35,1
DA:36,1
DA:37,7
DA:39,1
DA:40,1
DA:42,3
DA:47,5
LF:17
LH:17
end_of_record
SF:lib\ui\more\map\map_view.dart
DA:19,1
DA:21,1
DA:22,1
DA:29,1
DA:30,1
DA:31,4
DA:32,1
DA:33,1
DA:37,1
DA:38,1
DA:40,1
DA:42,2
DA:47,5
DA:49,2
DA:50,2
DA:52,1
DA:54,1
DA:55,1
DA:58,1
DA:59,0
DA:60,0
DA:62,0
DA:63,0
DA:66,1
DA:68,1
DA:69,1
DA:70,4
DA:77,1
DA:84,1
DA:85,1
DA:86,1
DA:87,1
DA:90,1
DA:95,1
DA:97,1
DA:98,1
DA:100,1
DA:101,4
DA:102,1
DA:104,1
DA:105,1
DA:110,1
DA:111,1
DA:113,1
DA:114,1
DA:115,1
DA:116,2
DA:121,1
DA:123,1
DA:124,1
DA:125,1
DA:126,2
DA:127,1
LF:53
LH:49
end_of_record
SF:lib\ui\more\settings\view_model\settings_viewmodel.dart
DA:14,6
DA:16,6
DA:18,6
DA:20,3
DA:22,8
DA:24,4
LF:6
LH:6
end_of_record
SF:lib\ui\not_found\view_model\not_found_viewmodel.dart
DA:21,2
DA:22,6
DA:25,1
DA:26,2
LF:4
LH:4
end_of_record
SF:lib\ui\not_found\widgets\not_found_view.dart
DA:15,1
DA:17,1
DA:18,1
DA:24,1
DA:26,1
DA:28,4
DA:29,1
DA:32,1
DA:33,1
DA:34,2
DA:35,2
DA:36,1
DA:37,1
DA:38,1
DA:40,1
DA:41,1
DA:43,1
DA:44,2
DA:48,1
DA:50,1
DA:51,3
DA:56,1
DA:57,1
DA:58,0
DA:59,0
DA:61,3
LF:26
LH:24
end_of_record
SF:lib\ui\more\settings\widgets\settings_view.dart
DA:14,1
DA:16,1
DA:17,1
DA:21,1
DA:22,1
DA:23,2
DA:24,2
DA:25,4
DA:26,1
DA:27,1
DA:28,1
DA:29,1
DA:31,1
DA:32,1
DA:33,2
DA:34,1
DA:36,1
DA:37,1
DA:38,1
DA:39,1
DA:40,1
DA:42,3
DA:43,1
DA:45,1
DA:47,3
DA:48,1
DA:50,1
DA:52,3
DA:53,1
DA:58,1
DA:59,1
DA:60,2
DA:61,1
DA:62,2
DA:67,1
DA:68,3
DA:69,1
DA:70,1
DA:71,1
DA:73,3
DA:74,1
DA:76,1
DA:78,3
DA:79,1
DA:82,1
DA:85,1
DA:86,1
DA:87,2
DA:88,2
DA:97,1
DA:98,2
DA:99,1
DA:101,1
DA:102,1
DA:103,1
DA:104,1
DA:105,1
DA:106,1
DA:107,3
DA:109,1
DA:110,1
DA:111,3
DA:115,1
DA:116,1
DA:117,2
DA:118,1
DA:119,2
LF:67
LH:67
end_of_record
SF:lib\ui\startup\view_model\startup_viewmodel.dart
DA:25,1
DA:28,1
DA:29,1
DA:31,2
DA:32,2
DA:36,2
DA:42,0
DA:43,2
DA:44,1
DA:47,2
DA:50,2
DA:51,2
DA:57,1
DA:58,1
DA:59,2
DA:60,0
DA:61,0
DA:62,0
DA:67,2
DA:68,2
DA:76,1
DA:77,2
DA:78,0
DA:79,0
LF:24
LH:18
end_of_record
SF:lib\ui\student\grades\grade_details\view_model\grades_details_viewmodel.dart
DA:24,2
DA:26,4
DA:27,6
DA:28,6
DA:30,2
DA:33,4
DA:34,8
DA:35,2
DA:37,1
DA:39,4
DA:41,2
DA:44,1
DA:47,1
DA:48,4
DA:49,0
DA:51,3
DA:56,1
DA:58,2
DA:59,4
DA:60,1
DA:63,1
DA:66,2
LF:22
LH:21
end_of_record
SF:lib\ui\student\grades\grade_details\widgets\grade_details_view.dart
DA:26,1
DA:28,1
DA:29,1
DA:40,1
DA:42,1
DA:43,2
DA:44,2
DA:45,3
DA:46,1
DA:47,2
DA:48,1
DA:53,2
DA:58,2
DA:60,2
DA:63,3
DA:66,1
DA:68,2
DA:69,2
DA:70,1
DA:73,1
DA:74,1
DA:75,5
DA:76,2
DA:77,1
DA:78,2
DA:79,1
DA:80,3
DA:82,0
DA:83,0
DA:86,1
DA:87,2
DA:88,2
DA:89,0
DA:91,1
DA:92,5
DA:93,1
DA:94,2
DA:97,4
DA:98,1
DA:105,1
DA:106,1
DA:107,1
DA:108,4
DA:109,4
DA:110,1
DA:112,1
DA:115,1
DA:117,1
DA:118,3
DA:119,2
DA:120,5
DA:121,5
DA:122,5
DA:131,2
DA:136,1
DA:137,1
DA:139,4
DA:140,1
DA:141,1
DA:143,1
DA:147,2
DA:148,1
DA:149,0
DA:150,1
DA:152,1
DA:153,1
DA:154,1
DA:155,1
DA:156,1
DA:158,1
DA:160,1
DA:161,1
DA:163,1
DA:165,1
DA:167,2
DA:168,1
DA:169,3
DA:170,3
DA:172,1
DA:173,3
DA:174,3
DA:178,1
DA:180,1
DA:182,1
DA:183,1
DA:184,3
DA:185,3
DA:186,3
DA:187,4
DA:188,1
DA:190,1
DA:192,1
DA:193,3
DA:194,3
DA:195,3
DA:196,4
DA:197,1
DA:207,1
DA:208,1
DA:210,1
DA:211,1
DA:213,1
DA:214,3
DA:215,1
DA:216,1
DA:217,4
DA:218,3
DA:219,1
DA:220,3
DA:221,3
DA:228,1
DA:230,1
DA:231,3
DA:232,1
DA:233,1
DA:234,4
DA:235,4
DA:239,1
DA:241,1
DA:242,3
DA:243,1
DA:244,1
DA:245,4
DA:246,4
DA:254,1
DA:255,1
DA:256,1
DA:257,1
DA:259,1
DA:260,3
DA:262,2
DA:263,0
DA:265,1
DA:274,1
DA:275,2
DA:280,2
DA:282,1
DA:284,1
DA:286,6
DA:293,1
DA:300,1
DA:302,1
DA:303,1
DA:305,1
DA:306,1
DA:310,1
DA:312,4
DA:315,5
DA:320,1
DA:321,2
DA:322,0
DA:329,1
DA:330,1
DA:331,1
DA:333,1
DA:335,1
DA:336,1
DA:338,1
DA:345,0
DA:346,0
DA:347,0
DA:348,0
DA:349,0
DA:350,0
DA:351,0
DA:353,0
DA:354,0
DA:356,0
DA:359,0
DA:360,0
DA:361,0
DA:362,0
DA:363,0
DA:369,0
DA:370,0
DA:371,0
DA:372,0
DA:373,0
DA:374,0
DA:378,0
DA:379,0
DA:381,0
DA:383,0
DA:384,0
DA:385,0
DA:391,0
DA:392,0
DA:394,0
DA:395,0
DA:396,0
LF:190
LH:152
end_of_record
SF:lib\ui\student\grades\widgets\grade_circular_progress.dart
DA:16,3
DA:25,3
DA:26,3
DA:33,3
DA:35,3
DA:37,6
DA:39,6
DA:41,3
DA:42,3
DA:44,9
DA:45,12
DA:46,6
DA:50,3
DA:52,6
DA:53,3
DA:56,3
DA:58,3
DA:60,3
DA:61,3
DA:62,6
DA:66,6
DA:67,6
DA:69,3
DA:70,6
DA:71,6
DA:74,6
DA:75,6
DA:77,18
DA:82,3
DA:83,6
DA:84,2
DA:87,6
DA:88,15
DA:91,6
DA:94,3
DA:103,6
DA:106,3
DA:107,6
DA:110,2
DA:111,4
DA:116,1
DA:119,1
DA:120,2
DA:124,3
LF:44
LH:44
end_of_record
SF:lib\ui\student\grades\widgets\grade_evaluation_tile.dart
DA:22,2
DA:24,2
DA:25,2
DA:33,2
DA:35,2
DA:37,4
DA:39,10
DA:42,2
DA:44,4
DA:45,2
DA:48,2
DA:49,2
DA:50,2
DA:51,2
DA:52,4
DA:53,2
DA:55,2
DA:56,1
DA:57,2
DA:58,2
DA:60,1
DA:61,2
DA:63,0
DA:67,2
DA:69,2
DA:70,4
DA:71,4
DA:72,4
DA:73,10
DA:74,2
DA:75,6
DA:76,6
DA:78,2
DA:79,6
DA:80,6
DA:85,2
DA:87,2
DA:89,2
DA:90,2
DA:91,6
DA:92,10
DA:94,2
DA:95,10
DA:96,10
DA:101,2
DA:102,2
DA:103,2
DA:104,2
DA:105,4
DA:111,8
DA:118,2
DA:119,2
DA:121,2
DA:122,2
DA:123,2
DA:124,4
DA:125,2
DA:127,2
DA:128,2
DA:129,6
DA:132,2
DA:133,4
DA:134,2
DA:136,2
DA:137,2
DA:138,6
DA:141,2
DA:142,4
DA:143,2
DA:145,2
DA:146,2
DA:147,6
DA:150,2
DA:151,4
DA:152,2
DA:154,2
DA:155,2
DA:156,6
DA:159,2
DA:160,4
DA:161,6
DA:163,2
DA:164,4
DA:165,6
DA:167,10
DA:173,2
DA:175,8
DA:178,0
DA:181,2
DA:182,2
DA:184,2
DA:186,2
DA:187,2
DA:188,2
DA:194,0
DA:196,2
DA:197,2
DA:201,2
LF:98
LH:95
end_of_record
SF:lib\ui\student\grades\widgets\grade_not_available.dart
DA:13,1
DA:15,2
DA:17,2
DA:19,2
DA:22,2
DA:25,2
DA:26,2
DA:27,2
DA:28,4
DA:31,11
DA:34,2
DA:35,2
DA:37,2
DA:39,2
DA:40,6
LF:15
LH:15
end_of_record
SF:lib\ui\student\grades\widgets\grade_circular_indicator.dart
DA:12,3
DA:22,3
DA:24,3
DA:25,9
DA:26,9
DA:27,3
DA:28,12
DA:29,6
DA:31,6
DA:33,6
DA:35,3
DA:36,6
DA:42,12
LF:13
LH:13
end_of_record
SF:lib\ui\student\session_schedule\view_model\session_schedule_viewmodel.dart
DA:34,2
DA:36,2
DA:38,2
DA:39,2
DA:42,1
DA:43,1
DA:44,4
DA:45,2
DA:46,1
DA:47,1
DA:48,1
DA:49,1
DA:50,2
DA:51,2
DA:53,1
DA:54,1
DA:55,1
DA:56,1
DA:57,2
DA:58,2
DA:61,1
DA:62,1
DA:63,1
DA:67,4
DA:71,1
DA:72,2
DA:73,4
DA:75,2
DA:78,2
DA:80,4
DA:82,2
DA:83,6
DA:85,6
DA:86,2
DA:88,3
DA:89,1
DA:90,3
DA:91,1
DA:93,3
DA:94,1
DA:96,2
DA:99,4
DA:100,2
DA:102,0
DA:103,0
LF:45
LH:43
end_of_record
SF:lib\ui\student\session_schedule\widgets\session_schedule.dart
DA:20,2
DA:28,2
DA:29,2
DA:33,3
DA:38,2
DA:40,4
DA:41,1
DA:44,6
DA:45,2
DA:47,8
DA:50,5
DA:52,1
DA:53,1
DA:54,1
DA:55,1
DA:56,1
DA:58,4
DA:59,2
DA:61,1
DA:62,3
DA:63,1
DA:64,1
DA:65,1
DA:66,1
DA:67,1
DA:68,3
DA:70,4
DA:71,2
DA:72,1
DA:73,2
DA:75,1
DA:76,5
DA:77,1
DA:83,0
DA:84,6
DA:89,0
DA:90,0
DA:91,0
DA:93,0
DA:97,1
DA:98,1
DA:99,1
DA:102,1
DA:105,6
LF:44
LH:39
end_of_record
SF:lib\ui\student\session_schedule\widgets\session_schedule_view.dart
DA:16,1
DA:18,1
DA:19,1
DA:23,1
DA:25,2
DA:26,0
DA:29,1
DA:30,4
DA:31,2
DA:32,1
DA:33,5
DA:36,1
DA:38,2
DA:39,0
DA:43,1
DA:45,1
DA:46,1
DA:47,2
DA:48,1
DA:49,1
DA:55,1
DA:56,1
DA:57,1
DA:58,0
DA:59,1
DA:60,3
DA:61,0
DA:62,0
DA:64,0
LF:29
LH:23
end_of_record
