SF:lib/locator.dart
DA:24,102
DA:26,0
DA:28,0
DA:29,0
DA:30,0
DA:31,0
DA:32,0
DA:33,0
DA:34,0
DA:35,0
DA:36,0
DA:37,0
DA:40,0
DA:41,0
DA:42,0
DA:43,0
DA:46,0
LF:17
LH:1
end_of_record
SF:lib/core/services/navigation_service.dart
DA:8,0
DA:11,0
DA:12,0
DA:13,0
DA:20,0
DA:21,0
DA:22,0
DA:28,0
DA:29,0
DA:34,0
DA:35,0
DA:36,0
LF:12
LH:0
end_of_record
SF:lib/core/services/analytics_service.dart
DA:12,0
DA:13,0
DA:16,0
DA:18,0
DA:19,0
DA:20,0
DA:24,0
DA:26,0
DA:27,0
DA:28,0
DA:31,0
DA:32,0
DA:33,0
LF:13
LH:0
end_of_record
SF:lib/core/services/rive_animation_service.dart
DA:11,0
DA:12,0
DA:15,0
DA:18,0
DA:19,0
DA:27,0
DA:31,0
DA:32,0
DA:34,0
LF:9
LH:0
end_of_record
SF:lib/core/services/mon_ets_api.dart
DA:19,1
DA:24,1
DA:26,4
DA:27,1
DA:30,2
DA:31,1
DA:32,2
DA:34,1
DA:35,2
LF:9
LH:9
end_of_record
SF:lib/core/services/signets_api.dart
DA:36,1
DA:38,0
DA:40,1
DA:49,1
DA:57,2
DA:58,2
DA:60,3
DA:61,1
DA:62,1
DA:64,1
DA:65,1
DA:70,1
DA:71,1
DA:72,1
DA:75,2
DA:76,1
DA:78,2
DA:79,1
DA:82,2
DA:83,1
DA:85,0
DA:87,2
DA:88,1
DA:90,0
DA:95,1
DA:97,1
DA:98,1
DA:99,2
DA:102,2
DA:106,1
DA:107,3
DA:108,1
DA:112,1
DA:116,1
DA:117,1
DA:119,2
DA:122,1
DA:123,3
DA:124,1
DA:129,1
DA:135,1
DA:136,1
DA:137,1
DA:140,2
DA:141,2
DA:143,2
DA:144,2
DA:146,2
DA:147,2
DA:151,1
DA:153,1
DA:154,1
DA:155,2
DA:158,2
DA:160,2
DA:161,1
DA:162,1
DA:163,2
DA:170,1
DA:174,1
DA:178,1
DA:179,1
DA:182,2
DA:186,1
DA:187,3
DA:188,1
DA:192,1
DA:196,1
DA:197,1
DA:200,2
DA:203,1
DA:207,1
DA:211,1
DA:212,1
DA:215,2
DA:219,1
DA:220,3
DA:221,1
DA:225,1
DA:226,1
DA:228,2
DA:232,1
DA:235,1
DA:237,1
DA:238,2
DA:242,1
DA:243,2
DA:245,2
DA:246,1
DA:247,1
DA:248,1
DA:259,1
DA:262,4
DA:263,2
DA:264,1
DA:266,2
DA:267,2
DA:268,1
DA:272,2
DA:273,1
DA:274,1
DA:275,1
DA:276,4
DA:277,1
DA:278,1
DA:283,1
DA:286,4
DA:294,0
DA:296,0
DA:297,0
DA:298,0
DA:300,0
DA:302,0
LF:113
LH:104
end_of_record
SF:lib/core/managers/user_repository.dart
DA:61,2
DA:66,2
DA:71,2
DA:78,1
DA:83,1
DA:84,3
DA:86,4
DA:90,3
DA:91,2
DA:96,3
DA:97,3
DA:98,0
DA:99,0
DA:100,0
DA:110,1
DA:111,3
DA:114,3
DA:116,1
DA:124,1
DA:125,1
DA:129,3
DA:130,3
DA:131,0
DA:132,0
DA:133,0
DA:141,1
DA:142,1
DA:143,2
DA:145,2
DA:152,3
DA:160,1
DA:162,3
DA:168,1
DA:170,2
DA:173,4
DA:177,1
DA:178,3
DA:179,1
DA:180,2
DA:181,3
DA:182,1
DA:183,2
DA:184,1
DA:189,1
DA:194,2
DA:196,3
DA:197,2
DA:198,1
DA:199,3
DA:200,2
DA:201,2
DA:202,2
DA:207,4
DA:208,1
DA:209,2
DA:210,1
DA:211,1
DA:212,1
DA:213,2
DA:214,1
DA:218,1
DA:224,1
DA:226,3
DA:232,1
DA:234,4
DA:238,2
DA:239,4
DA:240,1
DA:241,2
DA:242,1
DA:247,1
DA:252,2
DA:254,3
DA:255,2
DA:256,3
DA:258,2
DA:259,1
DA:262,4
DA:264,1
DA:265,0
DA:266,0
DA:267,0
DA:268,1
DA:269,3
DA:273,1
DA:276,0
DA:277,0
DA:280,0
DA:281,0
LF:89
LH:76
end_of_record
SF:lib/core/managers/cache_manager.dart
DA:31,0
DA:32,0
DA:35,0
DA:36,0
DA:37,0
DA:38,0
DA:41,0
DA:45,0
DA:47,0
DA:48,0
DA:49,0
DA:50,0
DA:51,0
DA:57,0
DA:59,0
DA:60,0
DA:61,0
DA:62,0
DA:67,0
DA:69,0
DA:70,0
DA:71,0
DA:72,0
LF:23
LH:0
end_of_record
SF:lib/core/services/preferences_service.dart
DA:9,1
DA:10,2
DA:12,2
DA:15,1
DA:16,2
DA:18,2
DA:21,0
DA:22,0
DA:24,0
DA:27,1
DA:28,2
DA:30,2
DA:33,1
DA:34,2
DA:36,2
DA:39,1
DA:40,2
DA:42,2
DA:45,1
DA:46,2
DA:48,2
LF:21
LH:18
end_of_record
SF:lib/core/managers/course_repository.dart
DA:61,2
DA:66,2
DA:72,2
DA:75,1
DA:76,1
DA:78,1
DA:79,4
DA:80,1
DA:86,1
DA:89,3
DA:95,1
DA:96,2
DA:99,4
DA:103,1
DA:104,3
DA:105,1
DA:106,2
DA:107,3
DA:108,1
DA:109,2
DA:110,1
DA:115,1
DA:118,1
DA:122,1
DA:123,2
DA:126,3
DA:127,2
DA:128,4
DA:129,3
DA:131,1
DA:132,2
DA:133,2
DA:135,1
DA:136,2
DA:137,1
DA:138,3
DA:143,2
DA:144,2
DA:145,2
DA:151,2
DA:152,2
DA:153,1
DA:155,2
DA:156,1
DA:159,1
DA:165,1
DA:167,1
DA:169,2
DA:170,3
DA:171,1
DA:174,1
DA:175,3
DA:176,1
DA:177,2
DA:178,3
DA:179,1
DA:180,2
DA:181,1
DA:187,3
DA:189,3
DA:190,3
DA:192,1
DA:193,3
DA:194,2
DA:195,2
DA:196,2
DA:201,4
DA:202,1
DA:203,2
DA:204,1
DA:205,1
DA:206,1
DA:207,2
DA:208,1
DA:212,1
DA:217,1
DA:219,3
DA:225,1
DA:226,2
DA:229,4
DA:233,1
DA:234,3
DA:235,1
DA:236,2
DA:237,3
DA:238,1
DA:239,2
DA:240,1
DA:245,1
DA:248,1
DA:251,3
DA:252,4
DA:253,3
DA:255,4
DA:256,1
DA:257,3
DA:258,3
DA:262,3
DA:265,2
DA:267,3
DA:268,2
DA:269,1
DA:271,1
DA:272,3
DA:274,2
DA:280,2
DA:281,3
DA:282,3
DA:283,3
DA:284,2
DA:285,3
DA:286,2
DA:287,2
DA:290,2
DA:296,4
DA:297,1
DA:299,2
DA:300,1
DA:303,1
DA:309,1
DA:312,3
DA:313,3
DA:314,3
DA:317,4
DA:318,1
DA:319,1
DA:320,2
DA:321,0
DA:322,0
DA:326,3
DA:327,3
DA:332,2
DA:335,3
DA:336,6
DA:337,1
DA:338,2
DA:342,4
DA:343,1
DA:346,2
DA:347,1
LF:140
LH:138
end_of_record
SF:lib/core/services/github_api.dart
DA:30,0
DA:33,0
DA:34,0
DA:38,0
DA:42,0
DA:43,0
DA:44,0
DA:45,0
DA:47,0
DA:48,0
DA:50,0
DA:57,0
DA:59,0
DA:60,0
DA:61,0
DA:62,0
DA:63,0
DA:64,0
DA:68,0
DA:69,0
DA:73,0
DA:74,0
DA:75,0
DA:76,0
DA:80,0
DA:81,0
DA:83,0
LF:27
LH:0
end_of_record
SF:lib/core/managers/settings_manager.dart
DA:36,1
DA:37,4
DA:39,5
DA:42,1
DA:46,1
DA:47,1
DA:48,1
DA:49,1
DA:53,1
DA:54,3
DA:56,5
DA:58,3
DA:60,1
DA:61,4
DA:66,1
DA:67,4
DA:69,1
DA:70,4
DA:74,1
DA:75,4
DA:76,1
DA:77,1
DA:79,0
DA:82,1
DA:86,1
DA:87,1
DA:90,3
DA:91,1
DA:93,2
DA:96,3
DA:97,1
DA:99,1
DA:100,1
DA:103,3
DA:104,1
DA:106,1
DA:107,1
DA:110,3
DA:111,1
DA:113,2
DA:115,3
DA:121,1
DA:122,3
DA:124,2
DA:125,2
DA:126,1
DA:127,1
DA:128,1
DA:132,1
DA:133,5
DA:134,2
DA:135,3
DA:137,2
DA:138,2
DA:139,2
DA:140,4
DA:141,1
DA:145,1
DA:146,1
DA:148,2
DA:149,1
DA:150,2
DA:152,1
DA:153,1
DA:154,1
DA:156,2
DA:157,1
DA:158,2
DA:160,1
DA:161,1
DA:162,1
DA:164,2
DA:165,1
DA:167,1
DA:168,1
DA:170,3
DA:176,1
DA:178,2
DA:179,2
DA:180,2
DA:184,1
DA:186,2
DA:187,3
DA:188,2
DA:192,1
DA:194,2
DA:195,2
DA:196,2
DA:201,1
DA:203,2
DA:204,3
DA:205,2
DA:209,1
DA:210,3
LF:94
LH:93
end_of_record
SF:lib/core/services/networking_service.dart
DA:8,0
DA:9,0
DA:10,0
DA:13,0
DA:14,0
DA:15,0
LF:6
LH:0
end_of_record
SF:lib/core/services/internal_info_service.dart
DA:13,0
DA:14,0
DA:15,0
DA:17,0
DA:18,0
DA:19,0
DA:20,0
DA:21,0
DA:22,0
LF:9
LH:0
end_of_record
SF:lib/core/utils/cache_exception.dart
DA:9,45
DA:13,0
DA:15,0
LF:3
LH:1
end_of_record
SF:lib/core/models/course_activity.dart
DA:30,8
DA:40,2
DA:41,2
DA:42,2
DA:43,2
DA:44,2
DA:45,2
DA:46,3
DA:47,3
DA:50,2
DA:51,1
DA:52,1
DA:53,1
DA:54,1
DA:55,1
DA:56,2
DA:57,2
DA:59,2
DA:60,1
DA:61,1
DA:62,1
DA:63,1
DA:64,1
DA:65,2
DA:66,2
DA:69,4
DA:72,2
DA:73,6
DA:74,6
DA:75,6
DA:76,6
DA:77,6
DA:78,6
DA:79,6
DA:80,6
DA:82,0
DA:84,0
DA:85,0
DA:86,0
DA:87,0
DA:88,0
DA:89,0
DA:90,0
LF:43
LH:35
end_of_record
SF:lib/core/models/session.dart
DA:46,5
DA:62,2
DA:63,2
DA:64,2
DA:65,3
DA:66,3
DA:67,3
DA:69,3
DA:71,3
DA:72,1
DA:73,2
DA:74,1
DA:75,2
DA:76,1
DA:77,1
DA:78,1
DA:79,1
DA:80,1
DA:81,1
DA:82,1
DA:83,1
DA:84,1
DA:85,1
DA:86,2
DA:89,2
DA:90,1
DA:91,1
DA:92,2
DA:93,2
DA:94,2
DA:96,2
DA:98,2
DA:100,2
DA:102,2
DA:103,1
DA:104,1
DA:105,1
DA:106,1
DA:107,1
DA:108,1
DA:110,2
DA:112,2
DA:113,1
DA:114,1
DA:115,2
DA:116,2
DA:117,2
DA:118,2
DA:119,2
DA:121,2
DA:123,2
DA:125,2
DA:127,2
DA:129,2
DA:130,2
DA:133,2
DA:136,2
DA:137,6
DA:138,6
DA:139,6
DA:140,6
DA:141,6
DA:142,6
DA:143,6
DA:144,6
DA:145,4
DA:146,2
DA:147,4
DA:148,2
DA:149,4
DA:150,2
DA:151,4
DA:152,2
DA:153,4
DA:154,2
DA:155,6
DA:157,0
DA:159,0
DA:160,0
DA:161,0
DA:162,0
DA:163,0
DA:164,0
DA:165,0
DA:166,0
DA:167,0
DA:168,0
DA:169,0
DA:170,0
DA:171,0
LF:90
LH:76
end_of_record
SF:lib/core/models/course.dart
DA:36,10
DA:47,2
DA:48,2
DA:49,2
DA:50,2
DA:51,2
DA:52,2
DA:53,3
DA:54,3
DA:56,2
DA:59,2
DA:60,1
DA:61,1
DA:62,1
DA:63,1
DA:64,1
DA:65,1
DA:66,2
DA:67,1
DA:68,2
DA:71,2
DA:72,1
DA:73,1
DA:74,1
DA:75,1
DA:76,1
DA:77,1
DA:78,1
DA:79,1
DA:82,7
DA:85,3
DA:86,9
DA:87,9
DA:88,9
DA:89,9
DA:90,9
DA:91,9
DA:92,9
DA:93,9
DA:94,9
DA:96,2
DA:98,6
DA:99,6
DA:100,6
DA:101,6
DA:102,6
DA:103,6
DA:104,6
DA:105,4
DA:107,0
DA:109,0
DA:110,0
DA:111,0
DA:112,0
DA:113,0
DA:114,0
DA:115,0
DA:116,0
DA:117,0
LF:59
LH:49
end_of_record
SF:lib/core/utils/api_exception.dart
DA:10,228
DA:13,2
DA:15,10
LF:3
LH:3
end_of_record
SF:lib/core/constants/preferences_flags.dart
DA:1,49
LF:1
LH:1
end_of_record
SF:lib/core/models/mon_ets_user.dart
DA:14,10
DA:16,2
DA:21,1
DA:22,1
DA:23,1
DA:24,1
DA:26,1
DA:29,0
DA:30,0
DA:31,0
DA:32,0
DA:33,0
DA:35,0
DA:37,0
LF:14
LH:7
end_of_record
SF:lib/core/models/profile_student.dart
DA:18,4
DA:25,2
DA:26,3
DA:27,3
DA:28,2
DA:29,2
DA:32,2
DA:33,1
DA:34,1
DA:35,1
DA:36,1
DA:38,2
DA:39,2
DA:40,2
DA:41,1
DA:42,1
DA:45,3
DA:48,2
DA:49,6
DA:50,6
DA:51,6
DA:52,6
DA:53,6
DA:55,0
DA:57,0
DA:58,0
DA:59,0
DA:60,0
LF:28
LH:23
end_of_record
SF:lib/core/models/program.dart
DA:33,4
DA:45,2
DA:46,2
DA:47,2
DA:48,2
DA:49,2
DA:50,2
DA:51,2
DA:52,2
DA:53,2
DA:54,2
DA:57,2
DA:58,1
DA:59,1
DA:60,1
DA:61,1
DA:62,1
DA:63,1
DA:64,1
DA:65,1
DA:66,1
DA:68,2
DA:69,1
DA:70,1
DA:71,1
DA:72,1
DA:73,1
DA:74,1
DA:75,1
DA:76,1
DA:77,1
DA:80,2
DA:83,2
DA:84,6
DA:85,6
DA:86,6
DA:87,6
DA:88,6
DA:89,6
DA:90,6
DA:91,6
DA:92,6
DA:93,6
DA:95,0
DA:97,0
DA:98,0
DA:99,0
DA:100,0
DA:101,0
DA:102,0
DA:103,0
DA:104,0
DA:105,0
LF:53
LH:43
end_of_record
SF:lib/core/utils/http_exceptions.dart
DA:10,2
DA:16,1
DA:18,4
LF:3
LH:3
end_of_record
SF:lib/core/utils/animation_exception.dart
DA:10,91
DA:18,0
DA:20,0
DA:21,0
DA:22,0
LF:5
LH:1
end_of_record
SF:lib/core/models/course_summary.dart
DA:40,6
DA:51,2
DA:52,3
DA:53,1
DA:54,1
DA:55,1
DA:56,1
DA:58,3
DA:59,1
DA:60,3
DA:62,3
DA:63,1
DA:64,3
DA:66,3
DA:67,1
DA:68,3
DA:70,3
DA:71,1
DA:72,3
DA:74,7
DA:75,7
DA:76,5
DA:79,2
DA:80,1
DA:81,1
DA:82,1
DA:83,1
DA:84,1
DA:85,1
DA:86,1
DA:87,1
DA:88,1
DA:89,2
DA:90,1
DA:92,2
DA:93,1
DA:94,1
DA:95,1
DA:96,1
DA:97,1
DA:98,1
DA:99,1
DA:100,1
DA:103,0
DA:105,0
DA:106,0
DA:107,0
DA:108,0
DA:109,0
DA:110,0
DA:111,0
DA:112,0
DA:113,0
DA:116,2
DA:119,2
DA:120,6
DA:121,6
DA:122,6
DA:123,6
DA:124,6
DA:125,6
DA:126,6
DA:127,6
DA:128,6
DA:130,2
DA:132,6
DA:133,6
DA:134,6
DA:135,6
DA:136,6
DA:137,6
DA:138,6
DA:139,4
LF:73
LH:63
end_of_record
SF:lib/ui/views/grades_view.dart
DA:20,2
DA:21,2
DA:25,2
DA:27,2
DA:28,6
DA:29,2
DA:30,2
DA:31,0
DA:32,2
DA:33,2
DA:36,2
DA:37,4
DA:38,2
DA:39,6
DA:41,6
DA:43,1
DA:45,2
DA:46,1
DA:47,1
DA:48,3
DA:49,1
DA:50,4
DA:52,2
DA:53,2
DA:55,2
DA:64,1
DA:66,1
DA:68,1
DA:70,1
DA:71,1
DA:77,1
DA:78,4
DA:85,1
DA:86,1
DA:87,1
DA:88,3
DA:89,1
DA:90,3
DA:91,1
DA:92,3
DA:94,0
LF:41
LH:39
end_of_record
SF:lib/ui/widgets/grade_button.dart
DA:24,3
DA:26,3
DA:27,3
DA:28,3
DA:29,3
DA:30,1
DA:31,3
DA:34,3
DA:35,3
DA:36,3
DA:37,3
DA:38,3
DA:39,3
DA:45,3
DA:46,3
DA:48,3
DA:50,3
DA:51,6
DA:52,3
DA:53,3
DA:54,3
DA:55,3
DA:63,3
DA:64,3
DA:65,9
DA:66,3
DA:68,9
DA:81,3
DA:82,6
DA:83,2
DA:84,4
DA:85,1
DA:86,4
DA:87,6
DA:88,6
DA:91,1
LF:36
LH:36
end_of_record
SF:lib/core/viewmodels/grades_viewmodel.dart
DA:39,3
DA:42,3
DA:43,12
DA:44,3
DA:45,3
DA:47,18
DA:50,9
DA:52,6
DA:53,3
DA:54,9
DA:57,3
DA:60,1
DA:63,3
DA:67,1
DA:70,3
DA:71,3
DA:72,1
DA:73,1
DA:74,1
DA:79,3
DA:80,5
DA:81,8
DA:83,10
DA:85,2
DA:86,6
DA:88,2
DA:89,6
DA:90,2
DA:94,8
DA:95,2
DA:98,2
DA:100,2
DA:101,1
DA:104,4
DA:105,4
DA:107,2
DA:109,2
DA:110,12
DA:114,2
LF:39
LH:39
end_of_record
SF:lib/core/utils/utils.dart
DA:11,0
DA:12,0
DA:13,0
DA:15,0
DA:16,0
DA:20,2
DA:21,4
DA:25,6
DA:28,7
DA:30,14
DA:31,0
LF:11
LH:5
end_of_record
SF:lib/ui/utils/loading.dart
DA:3,12
DA:4,6
DA:6,3
DA:10,6
LF:4
LH:4
end_of_record
SF:lib/ui/utils/app_theme.dart
DA:5,0
DA:34,0
DA:35,0
DA:36,0
DA:39,0
DA:40,0
DA:41,0
DA:45,0
DA:46,0
DA:47,0
DA:53,0
DA:54,0
DA:55,0
LF:13
LH:0
end_of_record
SF:lib/core/models/evaluation.dart
DA:50,0
DA:52,5
DA:66,5
DA:67,5
DA:68,15
DA:72,2
DA:73,2
DA:74,2
DA:75,3
DA:76,4
DA:79,3
DA:80,1
DA:81,3
DA:82,3
DA:83,1
DA:84,3
DA:86,3
DA:87,1
DA:88,3
DA:90,3
DA:91,1
DA:92,3
DA:94,3
DA:95,3
DA:97,3
DA:98,2
DA:99,3
DA:100,3
DA:101,3
DA:105,2
DA:106,1
DA:107,1
DA:108,1
DA:109,1
DA:110,1
DA:111,1
DA:112,1
DA:113,1
DA:114,1
DA:115,1
DA:116,1
DA:117,1
DA:118,1
DA:120,0
DA:122,2
DA:123,1
DA:124,1
DA:125,1
DA:126,1
DA:127,1
DA:128,1
DA:129,1
DA:130,1
DA:131,1
DA:132,1
DA:133,1
DA:134,1
DA:135,1
DA:138,2
DA:141,2
DA:142,6
DA:143,6
DA:144,6
DA:145,6
DA:146,6
DA:147,6
DA:148,4
DA:149,2
DA:150,6
DA:151,6
DA:152,6
DA:153,6
DA:154,6
DA:155,6
DA:156,6
DA:157,6
DA:159,0
DA:161,0
DA:162,0
DA:163,0
DA:164,0
DA:165,0
DA:166,0
DA:167,0
DA:168,0
DA:169,0
DA:170,0
DA:171,0
DA:172,0
DA:173,0
DA:174,0
DA:176,0
DA:178,0
DA:179,0
DA:180,0
DA:181,0
DA:182,0
DA:183,0
DA:184,0
DA:185,0
DA:186,0
DA:187,0
DA:188,0
DA:189,0
DA:190,0
DA:191,0
DA:192,0
LF:107
LH:74
end_of_record
SF:lib/core/models/discovery.dart
DA:10,7
LF:1
LH:1
end_of_record
SF:lib/core/viewmodels/grades_details_viewmodel.dart
DA:26,2
DA:30,2
DA:31,4
DA:34,4
DA:35,4
DA:37,4
DA:38,4
DA:40,2
DA:42,4
DA:43,4
DA:46,2
DA:48,2
DA:51,2
DA:54,6
DA:57,1
DA:59,2
DA:60,6
DA:62,1
DA:65,1
DA:66,2
DA:68,1
DA:69,1
DA:70,2
LF:23
LH:23
end_of_record
SF:lib/ui/utils/discovery_components.dart
DA:15,14
DA:16,7
DA:20,7
DA:21,7
DA:22,28
DA:23,7
DA:24,7
DA:25,7
DA:26,14
DA:28,7
DA:29,7
DA:31,7
DA:32,7
DA:33,7
DA:34,7
DA:37,21
DA:38,0
DA:41,7
DA:50,7
DA:54,7
DA:55,7
DA:56,28
DA:57,7
DA:58,7
DA:59,7
DA:60,14
DA:62,7
DA:63,7
DA:65,7
DA:66,7
DA:67,7
DA:68,7
DA:71,21
DA:72,0
DA:75,7
DA:84,7
DA:88,7
DA:89,7
DA:90,28
DA:91,7
DA:92,7
DA:93,7
DA:94,14
DA:96,7
DA:97,7
DA:99,7
DA:100,7
DA:101,7
DA:102,7
DA:105,21
DA:106,0
DA:109,7
DA:118,7
DA:122,7
DA:123,7
DA:124,28
DA:125,7
DA:126,7
DA:127,7
DA:128,14
DA:129,7
DA:130,7
DA:132,7
DA:133,21
DA:136,21
DA:137,0
DA:139,7
DA:148,7
DA:152,7
DA:153,7
DA:154,28
DA:155,7
DA:156,7
DA:157,21
DA:159,7
DA:160,7
DA:162,7
DA:163,21
DA:166,21
DA:167,0
DA:169,7
DA:179,7
DA:180,7
DA:182,7
DA:184,7
DA:185,7
DA:186,7
DA:187,7
DA:188,7
DA:189,7
DA:190,7
DA:191,0
DA:192,21
DA:200,7
DA:201,7
DA:202,28
LF:96
LH:90
end_of_record
SF:lib/ui/views/grade_details_view.dart
DA:25,1
DA:27,1
DA:28,1
DA:34,1
DA:36,1
DA:37,2
DA:38,3
DA:39,2
DA:41,1
DA:42,2
DA:43,1
DA:47,0
DA:48,0
DA:51,1
DA:52,1
DA:53,2
DA:54,3
DA:56,2
DA:58,1
DA:60,1
DA:61,2
DA:62,2
DA:64,1
DA:66,1
DA:67,2
DA:68,1
DA:69,2
DA:76,1
DA:77,1
DA:78,1
DA:79,1
DA:80,3
DA:83,1
DA:84,3
DA:88,1
DA:90,1
DA:91,3
DA:92,2
DA:93,3
DA:100,1
DA:101,0
DA:102,1
DA:108,1
DA:109,2
DA:110,1
DA:112,1
DA:113,1
DA:114,1
DA:115,1
DA:116,1
DA:118,1
DA:120,1
DA:121,1
DA:123,1
DA:126,2
DA:127,1
DA:128,3
DA:129,3
DA:131,1
DA:132,3
DA:133,3
DA:137,1
DA:139,1
DA:141,1
DA:142,1
DA:143,1
DA:144,3
DA:145,3
DA:147,3
DA:149,1
DA:151,1
DA:153,1
DA:154,1
DA:155,3
DA:156,3
DA:157,3
DA:159,1
DA:169,1
DA:171,1
DA:172,1
DA:174,1
DA:175,3
DA:176,1
DA:177,1
DA:178,4
DA:179,3
DA:180,3
DA:184,1
DA:186,1
DA:187,3
DA:188,1
DA:189,1
DA:190,4
DA:191,4
DA:195,1
DA:197,1
DA:198,3
DA:199,1
DA:200,1
DA:201,4
DA:202,4
DA:207,2
DA:208,3
DA:209,1
DA:210,3
DA:216,1
DA:219,1
DA:220,1
DA:221,1
DA:226,2
DA:228,1
DA:230,1
DA:239,1
DA:241,1
DA:243,1
DA:244,1
DA:246,1
DA:247,1
DA:248,1
DA:250,4
DA:252,1
DA:254,4
DA:259,1
DA:260,1
DA:261,0
DA:268,1
DA:269,1
DA:271,5
DA:272,1
DA:273,1
DA:275,1
DA:276,1
DA:278,1
DA:280,1
DA:289,1
DA:291,1
DA:293,1
LF:137
LH:133
end_of_record
SF:lib/ui/widgets/grade_circular_progress.dart
DA:14,3
DA:16,2
DA:18,3
DA:20,3
DA:23,6
DA:24,6
DA:25,6
DA:27,3
DA:30,6
DA:31,6
DA:32,6
DA:34,3
DA:35,3
DA:36,3
DA:37,9
DA:40,6
DA:48,6
DA:50,3
DA:51,3
DA:52,1
DA:55,3
DA:56,3
DA:57,9
DA:60,2
LF:24
LH:24
end_of_record
SF:lib/ui/widgets/base_scaffold.dart
DA:26,9
DA:38,8
DA:39,8
DA:40,8
DA:41,8
DA:43,8
DA:44,8
DA:45,8
DA:46,8
DA:47,2
DA:49,2
DA:51,7
DA:55,14
DA:56,8
DA:57,8
LF:15
LH:15
end_of_record
SF:lib/ui/widgets/grade_evaluation_tile.dart
DA:20,4
DA:22,2
DA:23,2
DA:32,2
DA:34,2
DA:36,4
DA:43,4
DA:44,6
DA:47,2
DA:49,4
DA:50,2
DA:53,2
DA:54,2
DA:55,2
DA:56,2
DA:57,4
DA:62,2
DA:63,1
DA:64,2
DA:65,2
DA:67,1
DA:68,2
DA:70,0
DA:74,2
DA:77,2
DA:78,2
DA:79,2
DA:80,4
DA:81,2
DA:82,8
DA:83,2
DA:84,6
DA:85,6
DA:87,2
DA:88,6
DA:89,6
DA:95,2
DA:97,2
DA:98,2
DA:100,2
DA:101,6
DA:103,2
DA:106,6
DA:111,2
DA:113,2
DA:114,2
DA:115,8
DA:116,2
DA:119,6
DA:126,2
DA:128,2
DA:129,2
DA:130,2
DA:131,2
DA:132,4
DA:145,2
DA:146,6
DA:153,2
DA:154,2
DA:156,2
DA:157,8
DA:158,2
DA:159,2
DA:160,2
DA:161,4
DA:162,4
DA:163,2
DA:164,2
DA:165,4
DA:166,2
DA:169,2
DA:170,4
DA:171,4
DA:172,2
DA:173,2
DA:174,4
DA:175,2
DA:178,6
DA:179,6
DA:180,2
DA:181,4
DA:182,2
DA:183,4
DA:184,6
DA:185,6
DA:186,6
DA:187,4
DA:194,2
DA:196,6
DA:197,2
DA:200,0
DA:203,2
DA:204,2
DA:206,2
DA:208,2
DA:209,2
DA:210,2
DA:216,0
DA:218,2
DA:219,2
DA:223,2
LF:101
LH:98
end_of_record
SF:lib/ui/widgets/grade_not_available.dart
DA:11,3
DA:13,2
DA:15,2
DA:18,2
DA:25,2
DA:26,8
DA:28,6
DA:31,2
DA:32,2
DA:34,2
DA:35,2
DA:36,6
LF:12
LH:12
end_of_record
SF:lib/ui/widgets/bottom_bar.dart
DA:27,7
DA:29,7
DA:31,2
DA:32,7
DA:33,28
DA:37,7
DA:41,7
DA:44,7
DA:47,7
DA:50,7
DA:51,7
DA:54,7
DA:55,7
DA:56,7
DA:64,1
DA:66,1
DA:67,2
DA:69,1
DA:70,2
DA:72,1
DA:73,2
DA:75,1
DA:76,2
DA:78,1
DA:79,2
DA:84,7
DA:85,7
DA:86,7
DA:87,7
DA:89,14
DA:90,7
DA:91,7
DA:93,14
DA:94,7
DA:95,7
DA:97,14
DA:98,7
DA:99,7
DA:101,14
DA:102,7
DA:103,7
DA:105,14
DA:109,7
DA:111,7
DA:113,7
DA:115,7
DA:116,14
DA:117,7
DA:119,7
DA:121,7
LF:50
LH:50
end_of_record
SF:lib/core/constants/emergency_procedures.dart
DA:4,4
DA:5,2
DA:6,2
DA:7,4
DA:8,2
DA:9,2
DA:10,4
DA:11,2
DA:12,2
DA:13,4
DA:14,2
DA:15,2
DA:16,4
DA:17,2
DA:18,2
DA:19,4
DA:20,2
DA:21,2
DA:22,4
DA:23,2
DA:24,2
DA:25,4
DA:26,2
DA:27,2
DA:28,4
DA:29,2
DA:30,2
DA:31,4
DA:32,2
DA:33,2
DA:34,4
LF:31
LH:31
end_of_record
SF:lib/ui/views/security_view.dart
DA:20,1
DA:21,1
DA:28,1
DA:30,1
DA:31,3
DA:32,2
DA:33,1
DA:34,3
DA:36,1
DA:37,1
DA:39,1
DA:40,1
DA:42,1
DA:46,2
DA:47,0
DA:48,0
DA:49,0
DA:53,1
DA:54,2
DA:57,1
DA:59,1
DA:60,2
DA:65,1
DA:66,1
DA:67,1
DA:68,0
DA:69,0
DA:70,0
DA:71,0
DA:72,0
DA:73,0
DA:75,1
DA:77,3
DA:79,3
DA:83,1
DA:86,1
DA:88,1
DA:89,2
DA:90,1
DA:91,2
DA:94,1
DA:96,1
DA:97,2
DA:102,1
DA:103,1
DA:105,1
DA:106,2
DA:107,2
DA:108,1
DA:109,1
DA:110,0
DA:112,0
DA:113,0
DA:114,0
DA:115,0
DA:116,0
DA:117,1
DA:119,1
DA:120,1
DA:123,1
DA:124,3
LF:61
LH:46
end_of_record
SF:lib/core/models/emergency_procedure.dart
DA:8,2
LF:1
LH:1
end_of_record
SF:lib/core/constants/markers.dart
DA:4,4
DA:5,2
DA:8,4
DA:10,2
DA:13,4
DA:15,2
DA:18,4
LF:7
LH:7
end_of_record
SF:lib/core/viewmodels/emergency_viewmodel.dart
DA:14,2
DA:17,0
DA:18,0
DA:20,0
DA:21,0
DA:22,0
DA:23,0
DA:27,0
DA:29,0
DA:30,0
LF:10
LH:1
end_of_record
SF:lib/core/viewmodels/security_viewmodel.dart
DA:22,2
DA:23,2
DA:24,2
DA:27,1
DA:28,1
DA:30,3
DA:31,4
DA:33,2
DA:37,0
DA:38,0
DA:42,0
DA:43,0
DA:44,0
DA:46,0
DA:51,0
DA:52,0
LF:16
LH:8
end_of_record
SF:lib/ui/views/emergency_view.dart
DA:18,1
DA:20,1
DA:21,1
DA:25,1
DA:27,1
DA:28,3
DA:29,2
DA:30,4
DA:33,1
DA:34,0
DA:35,0
DA:36,0
DA:37,0
DA:38,0
DA:39,0
DA:40,0
DA:43,1
DA:44,2
DA:50,1
DA:53,0
DA:54,0
DA:55,0
LF:22
LH:12
end_of_record
SF:lib/ui/views/settings_view.dart
DA:16,1
DA:17,1
DA:21,1
DA:23,1
DA:24,3
DA:25,2
DA:26,1
DA:27,3
DA:29,1
DA:30,1
DA:31,1
DA:32,1
DA:33,2
DA:37,1
DA:38,4
DA:39,1
DA:40,1
DA:41,1
DA:42,2
DA:43,1
DA:46,1
DA:47,1
DA:48,1
DA:50,1
DA:51,3
DA:55,1
DA:57,1
DA:58,3
DA:62,1
DA:64,1
DA:65,3
DA:70,1
DA:71,3
DA:73,2
DA:76,3
DA:77,3
DA:78,2
DA:79,2
DA:80,2
DA:81,2
DA:90,1
DA:91,1
DA:92,2
DA:96,1
DA:97,4
DA:98,1
DA:99,1
DA:100,1
DA:101,2
DA:102,1
DA:105,2
DA:106,1
DA:107,2
DA:108,3
DA:110,1
DA:111,2
DA:112,3
DA:115,1
DA:117,3
DA:118,2
LF:60
LH:60
end_of_record
SF:lib/core/viewmodels/settings_viewmodel.dart
DA:28,4
DA:31,2
DA:32,4
DA:33,2
DA:36,2
DA:37,8
DA:38,4
DA:39,4
DA:40,2
DA:42,2
DA:47,1
DA:48,2
DA:49,1
DA:52,2
DA:55,2
DA:56,2
DA:57,8
DA:58,1
DA:59,4
DA:60,2
DA:61,1
DA:62,3
DA:63,1
LF:23
LH:23
end_of_record
SF:lib/ui/views/choose_language_view.dart
DA:13,1
DA:14,1
DA:18,1
DA:19,1
DA:23,2
DA:24,1
DA:25,1
DA:26,3
DA:28,0
DA:29,2
DA:30,1
DA:31,3
DA:32,1
DA:33,2
DA:34,0
DA:35,0
DA:43,1
DA:45,1
DA:46,1
DA:47,2
DA:48,2
DA:49,3
DA:52,1
DA:53,1
DA:55,1
DA:56,1
DA:59,3
DA:63,1
DA:65,1
DA:67,1
DA:68,2
DA:76,1
DA:79,1
DA:81,1
DA:82,2
DA:88,1
DA:90,1
LF:37
LH:34
end_of_record
SF:lib/core/viewmodels/choose_language_viewmodel.dart
DA:28,2
DA:30,2
DA:31,10
DA:34,1
DA:36,1
DA:37,2
DA:38,1
DA:40,1
DA:41,2
DA:42,1
DA:45,1
DA:46,1
DA:50,2
DA:51,2
LF:14
LH:14
end_of_record
SF:lib/ui/views/login_view.dart
DA:17,1
DA:18,1
DA:29,1
DA:31,1
DA:32,3
DA:33,2
DA:34,3
DA:38,1
DA:39,2
DA:41,1
DA:43,1
DA:44,1
DA:45,1
DA:46,0
DA:47,0
DA:48,0
DA:51,1
DA:52,1
DA:53,1
DA:54,1
DA:55,1
DA:56,1
DA:58,1
DA:59,3
DA:68,1
DA:71,1
DA:75,1
DA:76,1
DA:78,1
DA:79,1
DA:80,1
DA:81,1
DA:82,1
DA:83,1
DA:84,1
DA:85,1
DA:86,1
DA:87,1
DA:88,1
DA:91,2
DA:95,2
DA:96,1
DA:97,1
DA:102,1
DA:103,1
DA:104,2
DA:108,1
DA:110,1
DA:111,1
DA:113,0
DA:115,0
DA:117,0
DA:118,0
DA:119,0
DA:122,0
DA:125,1
DA:126,1
DA:127,1
DA:128,0
DA:130,1
DA:134,1
DA:135,2
DA:136,1
DA:137,1
DA:138,0
DA:150,1
DA:154,1
DA:155,1
DA:156,2
DA:159,1
DA:173,1
DA:175,2
DA:176,1
DA:179,5
DA:183,0
DA:187,0
LF:76
LH:63
end_of_record
SF:lib/ui/widgets/password_text_field.dart
DA:9,2
DA:10,1
DA:12,2
DA:13,2
DA:22,2
DA:23,2
DA:26,2
DA:27,2
DA:30,2
DA:31,2
DA:32,2
DA:33,2
DA:34,2
DA:35,4
DA:36,2
DA:37,2
DA:38,4
DA:39,4
DA:41,4
DA:42,2
DA:43,2
DA:44,2
DA:46,2
DA:48,4
DA:49,4
DA:53,1
DA:54,2
DA:55,2
DA:59,10
LF:29
LH:29
end_of_record
SF:lib/core/viewmodels/login_viewmodel.dart
DA:28,4
DA:31,2
DA:34,8
DA:36,2
DA:39,1
DA:40,1
DA:41,1
DA:42,2
DA:43,2
DA:44,1
DA:45,2
DA:47,1
DA:52,1
DA:53,1
DA:54,1
DA:55,2
DA:57,1
DA:62,1
DA:63,1
DA:64,2
DA:67,1
DA:68,3
DA:69,2
DA:72,2
DA:76,1
DA:77,1
DA:78,1
DA:80,2
LF:28
LH:28
end_of_record
SF:lib/ui/views/schedule_view.dart
DA:29,3
DA:31,1
DA:32,1
DA:43,1
DA:45,1
DA:46,2
DA:51,2
DA:54,1
DA:56,2
DA:57,1
DA:60,1
DA:62,1
DA:63,2
DA:64,1
DA:65,2
DA:66,1
DA:67,2
DA:68,1
DA:71,2
DA:72,2
DA:74,1
DA:75,3
DA:78,1
DA:80,2
DA:81,1
DA:82,1
DA:83,1
DA:87,1
DA:88,1
DA:89,3
DA:90,2
DA:91,3
DA:93,2
DA:94,1
DA:96,1
DA:98,3
DA:101,2
DA:102,1
DA:109,1
DA:111,1
DA:112,1
DA:115,1
DA:117,1
DA:118,2
DA:124,1
DA:125,1
DA:126,2
DA:127,1
DA:140,1
DA:141,1
DA:142,1
DA:143,1
DA:144,1
DA:146,2
DA:148,2
DA:149,1
DA:150,2
DA:155,1
DA:156,1
DA:157,2
DA:158,1
DA:159,2
DA:162,1
DA:163,0
DA:164,0
DA:165,0
DA:168,2
DA:169,0
DA:170,0
DA:172,1
DA:173,1
DA:174,1
DA:175,2
DA:176,1
DA:177,2
DA:178,1
DA:180,1
DA:181,1
DA:185,1
DA:186,1
DA:192,2
DA:195,2
DA:198,1
DA:199,2
DA:200,1
DA:205,1
DA:206,1
DA:209,1
DA:210,2
DA:211,0
DA:214,1
DA:217,2
DA:218,2
DA:219,1
DA:221,1
DA:223,3
DA:224,2
DA:225,3
DA:227,1
DA:229,0
DA:231,1
DA:233,1
DA:234,2
DA:238,1
DA:243,1
DA:244,0
LF:106
LH:98
end_of_record
SF:lib/ui/widgets/schedule_settings.dart
DA:15,9
DA:17,2
DA:18,2
DA:24,2
DA:25,2
DA:26,4
DA:27,4
DA:28,8
DA:29,2
DA:30,2
DA:31,4
DA:32,2
DA:33,2
DA:35,2
DA:44,2
DA:46,6
DA:47,6
DA:48,2
DA:49,2
DA:50,8
DA:51,2
DA:52,2
DA:62,2
DA:64,2
DA:66,4
DA:68,4
DA:73,2
DA:75,2
DA:76,2
DA:77,2
DA:78,2
DA:79,2
DA:83,6
DA:88,2
DA:90,2
DA:91,2
DA:93,2
DA:94,4
DA:95,2
DA:96,4
DA:104,4
DA:105,4
DA:106,4
DA:107,2
DA:108,4
DA:109,4
DA:113,2
DA:118,2
DA:120,2
DA:121,2
DA:124,2
DA:125,4
DA:126,2
DA:127,4
DA:135,4
DA:136,4
DA:137,4
DA:138,2
DA:139,0
DA:140,4
DA:144,2
DA:149,2
DA:151,2
DA:152,4
DA:153,2
DA:154,4
DA:155,2
DA:156,4
DA:158,0
DA:161,2
DA:164,2
DA:165,4
DA:166,2
DA:167,4
DA:168,2
DA:169,4
DA:171,0
LF:77
LH:74
end_of_record
SF:lib/core/viewmodels/schedule_settings_viewmodel.dart
DA:23,6
DA:25,2
DA:26,2
DA:27,4
DA:28,2
DA:29,2
DA:30,2
DA:43,6
DA:45,1
DA:46,1
DA:47,2
DA:48,1
DA:49,1
DA:50,1
DA:62,6
DA:64,2
DA:65,2
DA:66,4
DA:68,2
DA:69,2
DA:73,3
DA:74,9
DA:76,6
DA:78,6
DA:80,3
DA:81,3
LF:26
LH:26
end_of_record
SF:lib/core/viewmodels/schedule_viewmodel.dart
DA:53,3
DA:58,2
DA:60,2
DA:61,4
DA:64,2
DA:65,4
DA:66,14
DA:67,2
DA:71,2
DA:73,8
DA:74,4
DA:75,2
DA:76,2
DA:78,4
DA:79,4
DA:82,2
DA:84,4
DA:85,4
DA:86,6
DA:91,1
DA:94,3
DA:97,1
DA:98,1
DA:99,2
DA:100,5
DA:101,3
DA:103,1
DA:107,2
DA:108,4
DA:110,6
DA:111,6
DA:112,4
DA:113,4
DA:114,5
DA:115,1
DA:118,4
DA:121,6
DA:122,6
DA:127,2
DA:131,2
DA:133,4
DA:134,2
DA:140,8
DA:142,2
DA:144,4
DA:145,2
DA:148,0
DA:149,0
DA:150,0
DA:151,0
DA:152,0
DA:155,1
DA:157,2
DA:158,3
DA:159,2
DA:160,1
DA:161,0
DA:162,0
LF:58
LH:51
end_of_record
SF:lib/ui/widgets/course_activity_tile.dart
DA:12,6
DA:16,3
DA:18,3
DA:19,3
DA:21,3
DA:22,3
DA:24,9
DA:26,18
DA:27,9
DA:31,6
DA:36,3
DA:39,3
DA:40,3
DA:43,3
DA:44,15
DA:45,15
DA:48,12
DA:54,3
DA:56,9
DA:57,12
DA:59,12
DA:60,6
DA:61,6
DA:62,3
DA:63,3
LF:25
LH:25
end_of_record
SF:lib/ui/views/not_found_view.dart
DA:16,1
DA:18,1
DA:19,1
DA:25,1
DA:27,1
DA:29,4
DA:30,1
DA:31,1
DA:32,6
DA:34,1
DA:37,1
DA:38,2
DA:39,0
DA:42,0
DA:43,0
DA:46,1
DA:49,1
DA:51,1
DA:52,2
DA:53,2
DA:54,1
DA:56,1
DA:57,1
DA:59,1
DA:60,1
DA:64,1
DA:66,1
DA:70,1
DA:71,2
DA:76,1
DA:80,1
DA:81,1
DA:82,2
DA:89,1
DA:90,1
DA:91,1
DA:94,0
DA:95,0
DA:97,3
LF:39
LH:34
end_of_record
SF:lib/core/viewmodels/not_found_viewmodel.dart
DA:33,4
DA:35,2
DA:36,4
DA:37,2
DA:40,1
DA:41,2
DA:44,2
DA:46,8
DA:47,2
DA:49,2
DA:50,2
DA:54,2
DA:56,6
DA:58,2
LF:14
LH:14
end_of_record
SF:lib/ui/views/profile_view.dart
DA:17,1
DA:19,1
DA:20,3
DA:21,1
DA:22,1
DA:23,0
DA:24,1
DA:25,1
DA:26,2
DA:27,1
DA:28,1
DA:29,2
DA:33,1
DA:34,3
DA:35,3
DA:42,1
DA:43,1
DA:44,2
DA:48,1
DA:49,3
DA:50,3
DA:52,1
DA:53,3
DA:54,3
DA:56,1
DA:57,3
DA:58,3
DA:59,1
DA:60,1
DA:61,2
DA:62,2
DA:63,1
DA:68,2
DA:69,0
DA:70,0
DA:74,1
DA:75,1
DA:77,1
LF:38
LH:35
end_of_record
SF:lib/core/viewmodels/profile_viewmodel.dart
DA:41,2
DA:42,5
DA:46,1
DA:47,2
DA:49,2
DA:51,1
DA:54,3
DA:58,2
DA:59,6
DA:60,4
DA:62,4
DA:63,3
DA:65,2
DA:70,2
DA:71,2
DA:72,2
DA:73,8
DA:74,4
DA:75,4
DA:76,2
DA:77,2
DA:79,4
DA:81,12
DA:82,4
DA:83,4
DA:84,6
DA:89,1
DA:91,2
DA:92,1
DA:93,1
DA:94,6
DA:95,2
DA:96,1
DA:98,0
DA:99,0
LF:35
LH:33
end_of_record
SF:lib/ui/widgets/student_program.dart
DA:14,1
DA:16,1
DA:18,1
DA:19,2
DA:20,2
DA:21,2
DA:22,2
DA:23,2
DA:24,2
DA:25,2
DA:26,2
DA:28,1
DA:29,2
DA:30,2
DA:31,2
DA:32,2
DA:33,2
DA:34,2
DA:35,2
DA:36,2
DA:38,1
DA:39,1
DA:45,1
DA:46,1
DA:47,2
DA:51,1
DA:55,1
DA:56,1
DA:57,2
DA:58,2
DA:61,1
LF:31
LH:31
end_of_record
SF:lib/ui/views/more_view.dart
DA:21,1
DA:22,3
DA:23,1
DA:25,1
DA:26,1
DA:27,1
DA:28,1
DA:29,2
DA:30,1
DA:31,1
DA:32,2
DA:33,1
DA:34,1
DA:35,0
DA:36,0
DA:37,1
DA:44,1
DA:46,1
DA:47,3
DA:48,1
DA:49,1
DA:50,1
DA:51,3
DA:54,1
DA:55,1
DA:56,1
DA:57,3
DA:58,1
DA:60,1
DA:66,1
DA:67,2
DA:69,1
DA:70,3
DA:72,0
DA:77,0
DA:78,0
DA:81,1
DA:82,3
DA:84,2
DA:85,1
DA:87,1
DA:88,3
DA:90,3
DA:91,1
DA:92,2
DA:93,1
DA:95,1
DA:98,2
DA:99,1
DA:101,3
DA:102,1
DA:108,1
DA:109,3
DA:111,1
DA:112,2
DA:114,1
DA:115,3
DA:117,3
DA:118,1
DA:119,2
DA:120,1
DA:121,2
DA:124,2
DA:125,1
DA:126,1
DA:127,1
DA:128,0
DA:129,3
DA:130,1
DA:131,0
DA:132,3
LF:71
LH:64
end_of_record
SF:lib/core/viewmodels/more_viewmodel.dart
DA:54,2
DA:56,2
DA:59,1
DA:60,1
DA:62,2
DA:63,1
DA:64,2
DA:66,1
DA:70,1
DA:73,3
DA:77,1
DA:78,1
DA:80,2
DA:81,2
DA:82,3
DA:84,3
DA:85,1
DA:86,1
DA:89,3
DA:91,3
DA:92,2
DA:95,3
DA:96,3
DA:97,3
DA:99,1
DA:103,1
DA:106,3
DA:107,3
DA:108,2
DA:110,3
DA:113,2
DA:115,2
DA:118,1
DA:119,1
DA:120,2
LF:35
LH:35
end_of_record
SF:lib/ui/views/student_view.dart
DA:13,1
DA:14,1
DA:20,1
DA:22,1
DA:23,2
DA:24,2
DA:27,1
DA:29,1
DA:30,1
DA:31,1
DA:33,1
DA:34,1
DA:35,1
DA:40,3
DA:42,1
DA:44,1
DA:45,1
DA:46,2
DA:47,1
DA:54,1
DA:55,1
LF:21
LH:21
end_of_record
SF:lib/ui/views/about_view.dart
DA:13,1
DA:14,1
DA:21,1
DA:23,1
DA:24,1
DA:25,1
DA:26,2
DA:27,3
DA:28,1
DA:29,2
DA:30,1
DA:36,1
DA:38,2
DA:39,1
DA:42,1
DA:44,1
DA:46,1
DA:47,3
DA:51,2
DA:52,1
DA:53,6
DA:57,1
DA:58,4
DA:59,4
DA:62,1
DA:65,5
DA:67,5
DA:74,1
DA:78,1
DA:79,1
DA:80,1
DA:83,1
DA:85,1
DA:91,1
DA:93,1
DA:94,2
DA:98,1
DA:100,1
DA:101,1
DA:102,1
DA:103,0
DA:104,0
DA:105,1
DA:106,1
DA:107,0
DA:108,0
DA:109,1
DA:110,1
DA:111,0
DA:112,0
DA:113,1
DA:114,1
DA:115,0
DA:116,0
DA:117,1
DA:118,1
DA:119,0
DA:120,0
LF:58
LH:48
end_of_record
SF:lib/ui/views/dashboard_view.dart
DA:27,1
DA:29,1
DA:30,1
DA:37,1
DA:39,1
DA:40,2
DA:45,2
DA:47,3
DA:48,5
DA:52,1
DA:54,2
DA:55,1
DA:58,1
DA:60,1
DA:61,2
DA:62,1
DA:64,1
DA:65,1
DA:67,1
DA:68,3
DA:71,1
DA:72,1
DA:74,1
DA:77,1
DA:78,1
DA:79,1
DA:80,1
DA:81,1
DA:82,1
DA:83,1
DA:84,1
DA:86,1
DA:92,1
DA:93,1
DA:95,2
DA:97,1
DA:98,2
DA:100,1
DA:101,2
DA:103,1
DA:104,2
DA:106,1
DA:107,2
DA:117,1
DA:118,1
DA:119,1
DA:120,1
DA:121,1
DA:124,2
DA:125,1
DA:127,1
DA:129,4
DA:130,4
DA:132,1
DA:134,1
DA:135,1
DA:137,4
DA:138,4
DA:140,1
DA:142,2
DA:143,1
DA:144,0
DA:145,0
DA:147,5
DA:148,4
DA:150,1
DA:151,0
DA:152,0
DA:154,5
DA:155,4
DA:157,1
DA:158,0
DA:159,0
DA:161,5
DA:162,4
DA:171,1
DA:173,1
DA:174,2
DA:175,1
DA:176,1
DA:177,1
DA:179,2
DA:180,1
DA:182,1
DA:184,4
DA:185,4
DA:187,2
DA:188,2
DA:189,1
DA:191,1
DA:193,1
DA:194,1
DA:202,1
DA:204,1
DA:205,1
DA:206,3
DA:207,4
DA:214,0
DA:216,0
DA:217,0
DA:223,1
DA:225,1
DA:226,2
DA:227,1
DA:228,1
DA:230,1
DA:231,1
DA:233,2
DA:234,1
DA:236,1
DA:238,4
DA:239,4
DA:241,2
DA:242,1
DA:245,5
DA:247,2
DA:254,1
DA:255,1
DA:259,1
DA:260,2
DA:261,3
DA:264,1
DA:267,1
DA:268,1
DA:269,1
DA:270,1
DA:271,1
DA:273,2
DA:274,1
DA:277,1
DA:278,1
DA:280,1
DA:282,4
DA:283,4
DA:286,2
DA:287,1
DA:289,1
DA:290,3
DA:291,1
DA:292,1
DA:293,1
DA:296,1
DA:298,1
DA:299,1
DA:300,3
DA:301,1
DA:307,1
DA:308,1
DA:311,1
DA:312,1
DA:314,1
DA:317,2
DA:318,5
DA:320,1
LF:154
LH:145
end_of_record
SF:lib/core/viewmodels/dashboard_viewmodel.dart
DA:52,4
DA:54,4
DA:60,2
DA:61,2
DA:65,4
DA:68,4
DA:71,2
DA:72,6
DA:75,2
DA:76,10
DA:77,4
DA:78,8
DA:79,10
DA:80,2
DA:86,2
DA:87,6
DA:88,1
DA:90,2
DA:91,2
DA:92,10
DA:93,2
DA:94,8
DA:95,10
DA:96,2
DA:104,2
DA:107,2
DA:108,6
DA:110,2
DA:112,2
DA:117,0
DA:120,0
DA:124,2
DA:125,4
DA:126,4
DA:128,2
DA:130,2
DA:134,2
DA:135,8
DA:137,4
DA:139,2
DA:141,2
DA:145,2
DA:146,6
DA:147,2
DA:148,8
DA:149,4
DA:151,0
DA:154,6
DA:157,2
DA:159,2
DA:163,2
DA:164,4
DA:166,2
DA:167,2
DA:168,14
DA:170,4
DA:171,2
DA:172,4
DA:173,2
DA:174,2
DA:176,2
DA:177,2
DA:179,2
DA:180,1
DA:187,2
DA:188,4
DA:189,2
DA:190,2
DA:192,4
DA:193,4
DA:194,4
DA:195,4
DA:196,4
DA:200,2
DA:201,2
DA:202,2
DA:203,4
DA:204,4
DA:205,4
DA:207,2
DA:208,2
DA:210,4
DA:211,4
DA:212,4
DA:215,6
DA:216,2
DA:218,4
DA:219,4
DA:223,2
DA:224,10
DA:226,4
DA:234,2
DA:235,6
DA:236,12
DA:237,2
DA:238,10
DA:239,4
DA:241,0
DA:248,2
DA:249,18
DA:250,1
DA:251,3
DA:253,5
DA:254,1
DA:255,2
DA:260,2
DA:261,4
DA:262,4
DA:264,0
DA:268,6
DA:270,0
DA:272,6
DA:274,6
DA:275,2
DA:276,4
DA:277,4
DA:278,6
DA:279,4
DA:282,2
DA:284,12
DA:287,4
DA:288,4
DA:289,6
DA:290,4
DA:294,4
DA:295,4
DA:298,2
DA:299,2
LF:128
LH:122
end_of_record
SF:lib/ui/widgets/dismissible_card.dart
DA:15,2
DA:22,2
DA:24,2
DA:25,2
DA:26,2
DA:27,2
DA:28,2
DA:29,2
DA:30,2
DA:32,4
DA:33,2
DA:34,2
DA:35,0
LF:13
LH:12
end_of_record
SF:lib/core/models/quick_link.dart
DA:9,3
LF:1
LH:1
end_of_record
SF:lib/ui/widgets/link_web_view.dart
DA:14,1
DA:16,1
DA:17,1
DA:23,1
DA:25,1
DA:26,1
DA:28,1
DA:29,4
DA:31,1
DA:32,1
DA:33,1
DA:34,3
DA:36,0
DA:37,0
DA:38,0
LF:15
LH:12
end_of_record
SF:lib/ui/widgets/web_link_card.dart
DA:17,1
DA:19,1
DA:21,1
DA:22,2
DA:23,1
DA:24,1
DA:25,4
DA:27,1
DA:29,1
DA:30,0
DA:31,1
DA:32,1
DA:34,1
DA:35,1
DA:36,1
DA:38,3
DA:41,1
DA:43,1
DA:44,2
LF:19
LH:18
end_of_record
SF:lib/core/viewmodels/web_link_card_viewmodel.dart
DA:32,1
DA:33,2
DA:34,2
DA:37,3
DA:39,3
DA:45,1
DA:46,1
DA:47,2
DA:48,1
DA:49,1
DA:50,1
DA:54,1
DA:59,1
DA:61,3
DA:63,2
DA:64,1
DA:65,2
LF:17
LH:17
end_of_record
SF:lib/core/viewmodels/startup_viewmodel.dart
DA:31,1
DA:32,2
DA:33,3
DA:36,2
DA:38,3
DA:40,2
DA:41,2
DA:43,2
DA:52,1
DA:53,3
DA:54,3
DA:56,0
LF:12
LH:11
end_of_record
